<?xml version="1.0" encoding="UTF-8"?>
<coverage generated="1774735258443" clover="3.2.0">
  <project timestamp="1774735258443" name="All files">
    <metrics statements="552" coveredstatements="451" conditionals="671" coveredconditionals="448" methods="183" coveredmethods="144" elements="1406" coveredelements="1043" complexity="0" loc="552" ncloc="552" packages="6" files="15" classes="15"/>
    <package name="src">
      <metrics statements="6" coveredstatements="6" conditionals="2" coveredconditionals="2" methods="3" coveredmethods="3"/>
      <file name="constants.js" path="/sessions/kind-zen-gates/mnt/taskflow/src/constants.js">
        <metrics statements="6" coveredstatements="6" conditionals="2" coveredconditionals="2" methods="3" coveredmethods="3"/>
        <line num="6" count="1" type="stmt"/>
        <line num="8" count="1" type="stmt"/>
        <line num="105" count="1" type="stmt"/>
        <line num="111" count="2" type="cond" truecount="2" falsecount="0"/>
        <line num="113" count="4" type="stmt"/>
        <line num="114" count="3" type="stmt"/>
      </file>
    </package>
    <package name="src.components">
      <metrics statements="55" coveredstatements="48" conditionals="113" coveredconditionals="84" methods="19" coveredmethods="13"/>
      <file name="FormSubmitModal.jsx" path="/sessions/kind-zen-gates/mnt/taskflow/src/components/FormSubmitModal.jsx">
        <metrics statements="55" coveredstatements="48" conditionals="113" coveredconditionals="84" methods="19" coveredmethods="13"/>
        <line num="10" count="24" type="stmt"/>
        <line num="11" count="24" type="stmt"/>
        <line num="12" count="13" type="stmt"/>
        <line num="13" count="13" type="cond" truecount="1" falsecount="1"/>
        <line num="14" count="19" type="cond" truecount="3" falsecount="1"/>
        <line num="15" count="17" type="cond" truecount="2" falsecount="0"/>
        <line num="17" count="13" type="stmt"/>
        <line num="19" count="24" type="stmt"/>
        <line num="21" count="24" type="stmt"/>
        <line num="22" count="8" type="stmt"/>
        <line num="23" count="8" type="stmt"/>
        <line num="26" count="24" type="stmt"/>
        <line num="28" count="8" type="stmt"/>
        <line num="29" count="8" type="cond" truecount="1" falsecount="1"/>
        <line num="30" count="10" type="cond" truecount="2" falsecount="0"/>
        <line num="31" count="3" type="stmt"/>
        <line num="32" count="3" type="cond" truecount="2" falsecount="0"/>
        <line num="33" count="1" type="cond" truecount="1" falsecount="1"/>
        <line num="34" count="2" type="cond" truecount="1" falsecount="1"/>
        <line num="35" count="2" type="stmt"/>
        <line num="39" count="8" type="cond" truecount="2" falsecount="0"/>
        <line num="42" count="5" type="stmt"/>
        <line num="51" count="8" type="stmt"/>
        <line num="53" count="8" type="cond" truecount="1" falsecount="1"/>
        <line num="54" count="7" type="cond" truecount="1" falsecount="1"/>
        <line num="55" count="7" type="cond" truecount="1" falsecount="1"/>
        <line num="56" count="7" type="cond" truecount="2" falsecount="2"/>
        <line num="58" count="7" type="cond" truecount="1" falsecount="3"/>
        <line num="60" count="7" type="cond" truecount="5" falsecount="1"/>
        <line num="61" count="3" type="stmt"/>
        <line num="62" count="1" type="stmt"/>
        <line num="63" count="1" type="stmt"/>
        <line num="64" count="0" type="stmt"/>
        <line num="65" count="1" type="stmt"/>
        <line num="66" count="1" type="stmt"/>
        <line num="71" count="5" type="cond" truecount="2" falsecount="0"/>
        <line num="72" count="1" type="stmt"/>
        <line num="76" count="5" type="cond" truecount="2" falsecount="0"/>
        <line num="78" count="5" type="stmt"/>
        <line num="81" count="31" type="stmt"/>
        <line num="87" count="24" type="stmt"/>
        <line num="91" count="24" type="stmt"/>
        <line num="97" count="24" type="stmt"/>
        <line num="99" count="9" type="stmt"/>
        <line num="107" count="34" type="stmt"/>
        <line num="114" count="7" type="cond" truecount="1" falsecount="1"/>
        <line num="119" count="0" type="cond" truecount="1" falsecount="1"/>
        <line num="125" count="1" type="cond" truecount="1" falsecount="1"/>
        <line num="129" count="9" type="stmt"/>
        <line num="130" count="9" type="stmt"/>
        <line num="136" count="0" type="cond" truecount="1" falsecount="1"/>
        <line num="141" count="0" type="cond" truecount="1" falsecount="1"/>
        <line num="148" count="0" type="cond" truecount="0" falsecount="2"/>
        <line num="155" count="0" type="cond" truecount="1" falsecount="1"/>
        <line num="160" count="0" type="cond" truecount="1" falsecount="1"/>
      </file>
    </package>
    <package name="src.data">
      <metrics statements="9" coveredstatements="9" conditionals="0" coveredconditionals="0" methods="0" coveredmethods="0"/>
      <file name="biomimxData.js" path="/sessions/kind-zen-gates/mnt/taskflow/src/data/biomimxData.js">
        <metrics statements="4" coveredstatements="4" conditionals="0" coveredconditionals="0" methods="0" coveredmethods="0"/>
        <line num="5" count="1" type="stmt"/>
        <line num="12" count="1" type="stmt"/>
        <line num="17" count="1" type="stmt"/>
        <line num="24" count="1" type="stmt"/>
      </file>
      <file name="initialData.js" path="/sessions/kind-zen-gates/mnt/taskflow/src/data/initialData.js">
        <metrics statements="5" coveredstatements="5" conditionals="0" coveredconditionals="0" methods="0" coveredmethods="0"/>
        <line num="1" count="1" type="stmt"/>
        <line num="6" count="1" type="stmt"/>
        <line num="13" count="1" type="stmt"/>
        <line num="18" count="1" type="stmt"/>
        <line num="25" count="1" type="stmt"/>
      </file>
    </package>
    <package name="src.hooks">
      <metrics statements="348" coveredstatements="299" conditionals="364" coveredconditionals="220" methods="119" coveredmethods="96"/>
      <file name="useProjectActions.js" path="/sessions/kind-zen-gates/mnt/taskflow/src/hooks/useProjectActions.js">
        <metrics statements="88" coveredstatements="81" conditionals="62" coveredconditionals="38" methods="50" coveredmethods="41"/>
        <line num="14" count="1" type="stmt"/>
        <line num="36" count="12" type="stmt"/>
        <line num="38" count="3" type="stmt"/>
        <line num="39" count="3" type="cond" truecount="2" falsecount="0"/>
        <line num="40" count="3" type="cond" truecount="2" falsecount="0"/>
        <line num="41" count="3" type="stmt"/>
        <line num="56" count="3" type="stmt"/>
        <line num="57" count="3" type="stmt"/>
        <line num="58" count="3" type="cond" truecount="2" falsecount="0"/>
        <line num="77" count="3" type="cond" truecount="2" falsecount="0"/>
        <line num="78" count="3" type="stmt"/>
        <line num="79" count="3" type="stmt"/>
        <line num="80" count="3" type="stmt"/>
        <line num="81" count="3" type="stmt"/>
        <line num="82" count="2" type="stmt"/>
        <line num="83" count="2" type="stmt"/>
        <line num="84" count="2" type="stmt"/>
        <line num="85" count="2" type="stmt"/>
        <line num="86" count="2" type="stmt"/>
        <line num="87" count="2" type="stmt"/>
        <line num="88" count="2" type="stmt"/>
        <line num="94" count="1" type="stmt"/>
        <line num="96" count="1" type="stmt"/>
        <line num="97" count="1" type="stmt"/>
        <line num="98" count="1" type="cond" truecount="1" falsecount="1"/>
        <line num="99" count="1" type="stmt"/>
        <line num="123" count="12" type="stmt"/>
        <line num="125" count="2" type="stmt"/>
        <line num="126" count="2" type="stmt"/>
        <line num="127" count="2" type="stmt"/>
        <line num="128" count="2" type="stmt"/>
        <line num="129" count="1" type="stmt"/>
        <line num="131" count="1" type="stmt"/>
        <line num="132" count="1" type="stmt"/>
        <line num="138" count="12" type="stmt"/>
        <line num="140" count="2" type="stmt"/>
        <line num="141" count="2" type="stmt"/>
        <line num="142" count="2" type="stmt"/>
        <line num="143" count="2" type="stmt"/>
        <line num="144" count="2" type="stmt"/>
        <line num="145" count="2" type="stmt"/>
        <line num="146" count="2" type="cond" truecount="1" falsecount="1"/>
        <line num="147" count="2" type="stmt"/>
        <line num="148" count="2" type="stmt"/>
        <line num="149" count="1" type="cond" truecount="1" falsecount="1"/>
        <line num="151" count="1" type="stmt"/>
        <line num="153" count="1" type="cond" truecount="1" falsecount="1"/>
        <line num="154" count="1" type="cond" truecount="1" falsecount="1"/>
        <line num="155" count="1" type="cond" truecount="1" falsecount="1"/>
        <line num="156" count="1" type="stmt"/>
        <line num="162" count="12" type="stmt"/>
        <line num="164" count="2" type="stmt"/>
        <line num="165" count="2" type="stmt"/>
        <line num="166" count="2" type="stmt"/>
        <line num="167" count="2" type="stmt"/>
        <line num="168" count="3" type="cond" truecount="2" falsecount="0"/>
        <line num="170" count="2" type="stmt"/>
        <line num="171" count="2" type="stmt"/>
        <line num="172" count="1" type="cond" truecount="1" falsecount="1"/>
        <line num="174" count="1" type="stmt"/>
        <line num="176" count="1" type="cond" truecount="1" falsecount="1"/>
        <line num="177" count="1" type="cond" truecount="1" falsecount="1"/>
        <line num="178" count="0" type="stmt"/>
        <line num="179" count="0" type="cond" truecount="0" falsecount="2"/>
        <line num="181" count="1" type="stmt"/>
        <line num="187" count="12" type="stmt"/>
        <line num="189" count="2" type="stmt"/>
        <line num="190" count="3" type="cond" truecount="1" falsecount="1"/>
        <line num="191" count="2" type="stmt"/>
        <line num="192" count="2" type="cond" truecount="1" falsecount="1"/>
        <line num="194" count="1" type="stmt"/>
        <line num="196" count="1" type="cond" truecount="2" falsecount="2"/>
        <line num="197" count="1" type="stmt"/>
        <line num="203" count="12" type="stmt"/>
        <line num="205" count="0" type="stmt"/>
        <line num="206" count="0" type="cond" truecount="0" falsecount="2"/>
        <line num="207" count="0" type="stmt"/>
        <line num="208" count="0" type="stmt"/>
        <line num="218" count="12" type="stmt"/>
        <line num="220" count="1" type="stmt"/>
        <line num="221" count="1" type="cond" truecount="1" falsecount="1"/>
        <line num="222" count="1" type="stmt"/>
        <line num="223" count="1" type="cond" truecount="1" falsecount="1"/>
        <line num="225" count="1" type="stmt"/>
        <line num="226" count="1" type="stmt"/>
        <line num="227" count="1" type="stmt"/>
        <line num="234" count="0" type="stmt"/>
        <line num="240" count="12" type="stmt"/>
      </file>
      <file name="useRuleEngine.js" path="/sessions/kind-zen-gates/mnt/taskflow/src/hooks/useRuleEngine.js">
        <metrics statements="150" coveredstatements="134" conditionals="176" coveredconditionals="120" methods="19" coveredmethods="19"/>
        <line num="33" count="1" type="stmt"/>
        <line num="34" count="1" type="stmt"/>
        <line num="35" count="1" type="stmt"/>
        <line num="38" count="31" type="stmt"/>
        <line num="39" count="31" type="stmt"/>
        <line num="40" count="31" type="stmt"/>
        <line num="41" count="31" type="stmt"/>
        <line num="45" count="31" type="stmt"/>
        <line num="46" count="43" type="cond" truecount="3" falsecount="1"/>
        <line num="48" count="43" type="cond" truecount="8" falsecount="1"/>
        <line num="50" count="1" type="cond" truecount="3" falsecount="1"/>
        <line num="51" count="1" type="stmt"/>
        <line num="53" count="1" type="stmt"/>
        <line num="56" count="34" type="cond" truecount="1" falsecount="1"/>
        <line num="59" count="34" type="stmt"/>
        <line num="60" count="34" type="stmt"/>
        <line num="66" count="34" type="stmt"/>
        <line num="70" count="2" type="cond" truecount="3" falsecount="1"/>
        <line num="71" count="2" type="stmt"/>
        <line num="73" count="2" type="stmt"/>
        <line num="76" count="1" type="cond" truecount="1" falsecount="1"/>
        <line num="77" count="1" type="stmt"/>
        <line num="79" count="1" type="stmt"/>
        <line num="82" count="2" type="cond" truecount="3" falsecount="1"/>
        <line num="83" count="2" type="stmt"/>
        <line num="85" count="2" type="stmt"/>
        <line num="88" count="1" type="stmt"/>
        <line num="89" count="1" type="cond" truecount="1" falsecount="1"/>
        <line num="90" count="1" type="cond" truecount="1" falsecount="1"/>
        <line num="91" count="1" type="cond" truecount="1" falsecount="1"/>
        <line num="92" count="1" type="stmt"/>
        <line num="95" count="1" type="stmt"/>
        <line num="99" count="1" type="stmt"/>
        <line num="100" count="1" type="cond" truecount="1" falsecount="1"/>
        <line num="101" count="1" type="stmt"/>
        <line num="102" count="1" type="stmt"/>
        <line num="103" count="1" type="stmt"/>
        <line num="105" count="1" type="stmt"/>
        <line num="109" count="1" type="stmt"/>
        <line num="110" count="1" type="cond" truecount="1" falsecount="1"/>
        <line num="111" count="1" type="cond" truecount="1" falsecount="1"/>
        <line num="112" count="1" type="stmt"/>
        <line num="114" count="1" type="stmt"/>
        <line num="118" count="0" type="stmt"/>
        <line num="124" count="31" type="stmt"/>
        <line num="125" count="41" type="cond" truecount="3" falsecount="1"/>
        <line num="126" count="41" type="stmt"/>
        <line num="127" count="43" type="stmt"/>
        <line num="133" count="31" type="stmt"/>
        <line num="134" count="44" type="cond" truecount="2" falsecount="0"/>
        <line num="135" count="4" type="stmt"/>
        <line num="136" count="4" type="cond" truecount="3" falsecount="2"/>
        <line num="138" count="2" type="cond" truecount="1" falsecount="1"/>
        <line num="140" count="1" type="cond" truecount="1" falsecount="1"/>
        <line num="142" count="1" type="cond" truecount="2" falsecount="2"/>
        <line num="144" count="0" type="cond" truecount="0" falsecount="2"/>
        <line num="146" count="0" type="stmt"/>
        <line num="153" count="31" type="stmt"/>
        <line num="154" count="64" type="stmt"/>
        <line num="155" count="110" type="cond" truecount="1" falsecount="1"/>
        <line num="160" count="31" type="stmt"/>
        <line num="161" count="35" type="cond" truecount="2" falsecount="0"/>
        <line num="164" count="34" type="cond" truecount="1" falsecount="1"/>
        <line num="166" count="34" type="cond" truecount="1" falsecount="1"/>
        <line num="168" count="34" type="stmt"/>
        <line num="169" count="34" type="cond" truecount="2" falsecount="0"/>
        <line num="171" count="32" type="stmt"/>
        <line num="173" count="32" type="stmt"/>
        <line num="175" count="52" type="cond" truecount="2" falsecount="0"/>
        <line num="177" count="51" type="stmt"/>
        <line num="178" count="51" type="stmt"/>
        <line num="180" count="51" type="cond" truecount="7" falsecount="1"/>
        <line num="182" count="34" type="cond" truecount="4" falsecount="0"/>
        <line num="183" count="33" type="cond" truecount="4" falsecount="0"/>
        <line num="184" count="32" type="stmt"/>
        <line num="187" count="34" type="stmt"/>
        <line num="190" count="3" type="cond" truecount="5" falsecount="0"/>
        <line num="191" count="2" type="stmt"/>
        <line num="193" count="3" type="stmt"/>
        <line num="196" count="2" type="cond" truecount="1" falsecount="1"/>
        <line num="197" count="2" type="cond" truecount="1" falsecount="1"/>
        <line num="198" count="4" type="cond" truecount="4" falsecount="0"/>
        <line num="199" count="1" type="stmt"/>
        <line num="202" count="2" type="stmt"/>
        <line num="205" count="3" type="cond" truecount="3" falsecount="1"/>
        <line num="206" count="3" type="cond" truecount="4" falsecount="0"/>
        <line num="207" count="2" type="stmt"/>
        <line num="210" count="3" type="stmt"/>
        <line num="213" count="1" type="cond" truecount="1" falsecount="1"/>
        <line num="214" count="1" type="cond" truecount="1" falsecount="1"/>
        <line num="215" count="1" type="cond" truecount="1" falsecount="1"/>
        <line num="216" count="1" type="cond" truecount="1" falsecount="1"/>
        <line num="218" count="1" type="stmt"/>
        <line num="221" count="5" type="cond" truecount="5" falsecount="0"/>
        <line num="222" count="4" type="stmt"/>
        <line num="224" count="5" type="stmt"/>
        <line num="227" count="3" type="cond" truecount="1" falsecount="1"/>
        <line num="228" count="3" type="cond" truecount="1" falsecount="1"/>
        <line num="229" count="3" type="cond" truecount="1" falsecount="1"/>
        <line num="230" count="3" type="cond" truecount="1" falsecount="1"/>
        <line num="231" count="3" type="cond" truecount="4" falsecount="0"/>
        <line num="232" count="2" type="stmt"/>
        <line num="236" count="3" type="stmt"/>
        <line num="240" count="0" type="stmt"/>
        <line num="243" count="51" type="cond" truecount="4" falsecount="0"/>
        <line num="245" count="42" type="stmt"/>
        <line num="246" count="42" type="stmt"/>
        <line num="247" count="42" type="cond" truecount="4" falsecount="0"/>
        <line num="248" count="41" type="stmt"/>
        <line num="250" count="41" type="stmt"/>
        <line num="251" count="41" type="stmt"/>
        <line num="252" count="41" type="stmt"/>
        <line num="253" count="41" type="stmt"/>
        <line num="254" count="41" type="stmt"/>
        <line num="256" count="41" type="stmt"/>
        <line num="264" count="32" type="stmt"/>
        <line num="267" count="32" type="cond" truecount="1" falsecount="1"/>
        <line num="268" count="0" type="stmt"/>
        <line num="269" count="0" type="stmt"/>
        <line num="270" count="0" type="cond" truecount="0" falsecount="2"/>
        <line num="277" count="31" type="stmt"/>
        <line num="278" count="31" type="stmt"/>
        <line num="279" count="31" type="stmt"/>
        <line num="281" count="31" type="stmt"/>
        <line num="282" count="31" type="cond" truecount="4" falsecount="0"/>
        <line num="284" count="30" type="stmt"/>
        <line num="285" count="30" type="stmt"/>
        <line num="286" count="30" type="stmt"/>
        <line num="289" count="30" type="cond" truecount="3" falsecount="1"/>
        <line num="290" count="0" type="stmt"/>
        <line num="291" count="0" type="cond" truecount="0" falsecount="2"/>
        <line num="292" count="0" type="stmt"/>
        <line num="293" count="0" type="stmt"/>
        <line num="303" count="30" type="stmt"/>
        <line num="304" count="30" type="stmt"/>
        <line num="305" count="52" type="cond" truecount="1" falsecount="1"/>
        <line num="306" count="0" type="cond" truecount="0" falsecount="2"/>
        <line num="307" count="52" type="cond" truecount="2" falsecount="2"/>
        <line num="308" count="0" type="stmt"/>
        <line num="309" count="0" type="cond" truecount="0" falsecount="4"/>
        <line num="310" count="0" type="stmt"/>
        <line num="311" count="0" type="stmt"/>
        <line num="318" count="31" type="stmt"/>
        <line num="319" count="31" type="stmt"/>
        <line num="320" count="31" type="stmt"/>
        <line num="324" count="31" type="stmt"/>
        <line num="325" count="31" type="cond" truecount="1" falsecount="1"/>
        <line num="329" count="31" type="stmt"/>
        <line num="330" count="31" type="stmt"/>
        <line num="333" count="31" type="stmt"/>
      </file>
      <file name="useTaskActions.js" path="/sessions/kind-zen-gates/mnt/taskflow/src/hooks/useTaskActions.js">
        <metrics statements="110" coveredstatements="84" conditionals="126" coveredconditionals="62" methods="50" coveredmethods="36"/>
        <line num="44" count="15" type="stmt"/>
        <line num="46" count="0" type="stmt"/>
        <line num="47" count="0" type="stmt"/>
        <line num="53" count="0" type="cond" truecount="0" falsecount="2"/>
        <line num="60" count="15" type="stmt"/>
        <line num="62" count="4" type="stmt"/>
        <line num="63" count="4" type="stmt"/>
        <line num="64" count="4" type="cond" truecount="1" falsecount="1"/>
        <line num="65" count="4" type="stmt"/>
        <line num="66" count="4" type="cond" truecount="1" falsecount="1"/>
        <line num="67" count="4" type="stmt"/>
        <line num="68" count="4" type="stmt"/>
        <line num="69" count="32" type="cond" truecount="4" falsecount="0"/>
        <line num="70" count="3" type="stmt"/>
        <line num="72" count="4" type="cond" truecount="1" falsecount="1"/>
        <line num="73" count="0" type="cond" truecount="0" falsecount="2"/>
        <line num="74" count="0" type="cond" truecount="0" falsecount="2"/>
        <line num="75" count="0" type="cond" truecount="0" falsecount="2"/>
        <line num="76" count="0" type="stmt"/>
        <line num="78" count="4" type="cond" truecount="2" falsecount="2"/>
        <line num="79" count="0" type="stmt"/>
        <line num="81" count="4" type="cond" truecount="3" falsecount="1"/>
        <line num="82" count="4" type="stmt"/>
        <line num="84" count="11" type="cond" truecount="2" falsecount="0"/>
        <line num="85" count="4" type="stmt"/>
        <line num="86" count="4" type="cond" truecount="2" falsecount="0"/>
        <line num="87" count="1" type="stmt"/>
        <line num="89" count="4" type="cond" truecount="3" falsecount="1"/>
        <line num="90" count="0" type="stmt"/>
        <line num="91" count="0" type="cond" truecount="0" falsecount="2"/>
        <line num="92" count="4" type="cond" truecount="4" falsecount="0"/>
        <line num="93" count="3" type="stmt"/>
        <line num="95" count="3" type="cond" truecount="2" falsecount="3"/>
        <line num="96" count="0" type="stmt"/>
        <line num="98" count="0" type="cond" truecount="0" falsecount="2"/>
        <line num="99" count="0" type="stmt"/>
        <line num="108" count="3" type="cond" truecount="2" falsecount="2"/>
        <line num="109" count="0" type="cond" truecount="0" falsecount="4"/>
        <line num="110" count="0" type="stmt"/>
        <line num="111" count="0" type="cond" truecount="0" falsecount="4"/>
        <line num="112" count="0" type="cond" truecount="0" falsecount="2"/>
        <line num="113" count="0" type="stmt"/>
        <line num="121" count="0" type="stmt"/>
        <line num="132" count="1" type="stmt"/>
        <line num="134" count="2" type="cond" truecount="3" falsecount="1"/>
        <line num="135" count="1" type="stmt"/>
        <line num="141" count="15" type="stmt"/>
        <line num="143" count="4" type="stmt"/>
        <line num="144" count="3" type="cond" truecount="2" falsecount="0"/>
        <line num="145" count="2" type="stmt"/>
        <line num="146" count="2" type="stmt"/>
        <line num="147" count="5" type="cond" truecount="2" falsecount="0"/>
        <line num="148" count="2" type="stmt"/>
        <line num="151" count="0" type="cond" truecount="0" falsecount="2"/>
        <line num="152" count="0" type="stmt"/>
        <line num="155" count="3" type="stmt"/>
        <line num="156" count="3" type="stmt"/>
        <line num="157" count="1" type="stmt"/>
        <line num="164" count="3" type="cond" truecount="2" falsecount="0"/>
        <line num="165" count="2" type="cond" truecount="2" falsecount="2"/>
        <line num="166" count="1" type="stmt"/>
        <line num="167" count="0" type="stmt"/>
        <line num="176" count="1" type="stmt"/>
        <line num="178" count="2" type="cond" truecount="2" falsecount="0"/>
        <line num="179" count="1" type="stmt"/>
        <line num="185" count="15" type="stmt"/>
        <line num="187" count="3" type="stmt"/>
        <line num="188" count="3" type="cond" truecount="4" falsecount="0"/>
        <line num="189" count="2" type="stmt"/>
        <line num="190" count="5" type="cond" truecount="2" falsecount="0"/>
        <line num="191" count="2" type="stmt"/>
        <line num="194" count="0" type="cond" truecount="0" falsecount="2"/>
        <line num="195" count="0" type="stmt"/>
        <line num="196" count="0" type="stmt"/>
        <line num="200" count="2" type="stmt"/>
        <line num="201" count="2" type="stmt"/>
        <line num="203" count="1" type="stmt"/>
        <line num="205" count="2" type="cond" truecount="2" falsecount="0"/>
        <line num="206" count="1" type="stmt"/>
        <line num="212" count="15" type="stmt"/>
        <line num="214" count="1" type="stmt"/>
        <line num="215" count="2" type="stmt"/>
        <line num="216" count="1" type="cond" truecount="1" falsecount="1"/>
        <line num="217" count="2" type="cond" truecount="3" falsecount="0"/>
        <line num="218" count="2" type="cond" truecount="3" falsecount="1"/>
        <line num="219" count="1" type="stmt"/>
        <line num="220" count="2" type="stmt"/>
        <line num="221" count="2" type="stmt"/>
        <line num="222" count="0" type="stmt"/>
        <line num="224" count="1" type="stmt"/>
        <line num="230" count="15" type="stmt"/>
        <line num="232" count="2" type="stmt"/>
        <line num="247" count="3" type="stmt"/>
        <line num="248" count="2" type="stmt"/>
        <line num="249" count="2" type="stmt"/>
        <line num="250" count="1" type="stmt"/>
        <line num="251" count="1" type="stmt"/>
        <line num="258" count="1" type="stmt"/>
        <line num="260" count="1" type="stmt"/>
        <line num="261" count="1" type="stmt"/>
        <line num="267" count="15" type="stmt"/>
        <line num="269" count="2" type="stmt"/>
        <line num="270" count="6" type="stmt"/>
        <line num="271" count="2" type="stmt"/>
        <line num="272" count="2" type="stmt"/>
        <line num="273" count="1" type="cond" truecount="1" falsecount="1"/>
        <line num="275" count="1" type="stmt"/>
        <line num="277" count="1" type="cond" truecount="1" falsecount="1"/>
        <line num="278" count="1" type="stmt"/>
        <line num="284" count="15" type="stmt"/>
      </file>
    </package>
    <package name="src.lib.db">
      <metrics statements="3" coveredstatements="3" conditionals="42" coveredconditionals="42" methods="3" coveredmethods="3"/>
      <file name="adapters.js" path="/sessions/kind-zen-gates/mnt/taskflow/src/lib/db/adapters.js">
        <metrics statements="3" coveredstatements="3" conditionals="42" coveredconditionals="42" methods="3" coveredmethods="3"/>
        <line num="8" count="2" type="stmt"/>
        <line num="13" count="2" type="stmt"/>
        <line num="23" count="2" type="stmt"/>
      </file>
    </package>
    <package name="src.utils">
      <metrics statements="131" coveredstatements="86" conditionals="150" coveredconditionals="100" methods="39" coveredmethods="29"/>
      <file name="ai.js" path="/sessions/kind-zen-gates/mnt/taskflow/src/utils/ai.js">
        <metrics statements="41" coveredstatements="14" conditionals="36" coveredconditionals="9" methods="8" coveredmethods="6"/>
        <line num="11" count="1" type="cond" truecount="2" falsecount="0"/>
        <line num="31" count="7" type="stmt"/>
        <line num="32" count="7" type="stmt"/>
        <line num="33" count="7" type="stmt"/>
        <line num="34" count="7" type="stmt"/>
        <line num="39" count="0" type="cond" truecount="0" falsecount="4"/>
        <line num="40" count="0" type="cond" truecount="0" falsecount="2"/>
        <line num="41" count="0" type="cond" truecount="0" falsecount="4"/>
        <line num="42" count="0" type="cond" truecount="0" falsecount="2"/>
        <line num="43" count="0" type="stmt"/>
        <line num="49" count="1" type="stmt"/>
        <line num="52" count="1" type="stmt"/>
        <line num="72" count="4" type="cond" truecount="1" falsecount="1"/>
        <line num="73" count="4" type="stmt"/>
        <line num="77" count="0" type="stmt"/>
        <line num="78" count="0" type="stmt"/>
        <line num="84" count="0" type="stmt"/>
        <line num="87" count="0" type="cond" truecount="0" falsecount="2"/>
        <line num="88" count="0" type="stmt"/>
        <line num="89" count="0" type="stmt"/>
        <line num="90" count="0" type="stmt"/>
        <line num="91" count="0" type="cond" truecount="0" falsecount="2"/>
        <line num="94" count="0" type="stmt"/>
        <line num="95" count="0" type="cond" truecount="0" falsecount="3"/>
        <line num="96" count="0" type="stmt"/>
        <line num="100" count="0" type="stmt"/>
        <line num="101" count="0" type="stmt"/>
        <line num="103" count="0" type="stmt"/>
        <line num="106" count="0" type="cond" truecount="0" falsecount="2"/>
        <line num="113" count="1" type="stmt"/>
        <line num="117" count="0" type="stmt"/>
        <line num="118" count="0" type="stmt"/>
        <line num="120" count="0" type="stmt"/>
        <line num="126" count="1" type="stmt"/>
        <line num="130" count="0" type="stmt"/>
        <line num="131" count="0" type="stmt"/>
        <line num="133" count="0" type="stmt"/>
        <line num="139" count="1" type="stmt"/>
        <line num="140" count="0" type="cond" truecount="0" falsecount="4"/>
        <line num="143" count="1" type="cond" truecount="1" falsecount="1"/>
        <line num="147" count="1" type="stmt"/>
      </file>
      <file name="exportCsv.js" path="/sessions/kind-zen-gates/mnt/taskflow/src/utils/exportCsv.js">
        <metrics statements="19" coveredstatements="19" conditionals="22" coveredconditionals="19" methods="6" coveredmethods="6"/>
        <line num="5" count="4" type="stmt"/>
        <line num="6" count="4" type="stmt"/>
        <line num="7" count="4" type="stmt"/>
        <line num="9" count="4" type="stmt"/>
        <line num="10" count="75" type="cond" truecount="1" falsecount="1"/>
        <line num="11" count="75" type="cond" truecount="5" falsecount="0"/>
        <line num="16" count="4" type="stmt"/>
        <line num="17" count="4" type="stmt"/>
        <line num="25" count="2" type="cond" truecount="1" falsecount="1"/>
        <line num="28" count="4" type="cond" truecount="3" falsecount="1"/>
        <line num="29" count="4" type="stmt"/>
        <line num="32" count="4" type="stmt"/>
        <line num="33" count="4" type="stmt"/>
        <line num="34" count="4" type="stmt"/>
        <line num="35" count="4" type="stmt"/>
        <line num="36" count="4" type="stmt"/>
        <line num="37" count="4" type="cond" truecount="2" falsecount="0"/>
        <line num="38" count="4" type="stmt"/>
        <line num="39" count="4" type="stmt"/>
      </file>
      <file name="filters.js" path="/sessions/kind-zen-gates/mnt/taskflow/src/utils/filters.js">
        <metrics statements="25" coveredstatements="16" conditionals="57" coveredconditionals="38" methods="5" coveredmethods="5"/>
        <line num="6" count="13" type="stmt"/>
        <line num="8" count="39" type="cond" truecount="2" falsecount="0"/>
        <line num="9" count="9" type="stmt"/>
        <line num="10" count="9" type="cond" truecount="3" falsecount="0"/>
        <line num="12" count="3" type="cond" truecount="1" falsecount="1"/>
        <line num="13" count="9" type="cond" truecount="2" falsecount="0"/>
        <line num="17" count="33" type="cond" truecount="5" falsecount="0"/>
        <line num="20" count="31" type="cond" truecount="5" falsecount="0"/>
        <line num="23" count="29" type="cond" truecount="4" falsecount="0"/>
        <line num="24" count="3" type="cond" truecount="3" falsecount="1"/>
        <line num="28" count="27" type="cond" truecount="4" falsecount="0"/>
        <line num="29" count="26" type="cond" truecount="4" falsecount="0"/>
        <line num="32" count="24" type="cond" truecount="2" falsecount="2"/>
        <line num="33" count="0" type="stmt"/>
        <line num="34" count="0" type="stmt"/>
        <line num="35" count="0" type="stmt"/>
        <line num="36" count="0" type="stmt"/>
        <line num="37" count="0" type="stmt"/>
        <line num="39" count="0" type="cond" truecount="0" falsecount="2"/>
        <line num="41" count="0" type="cond" truecount="0" falsecount="4"/>
        <line num="42" count="0" type="cond" truecount="0" falsecount="4"/>
        <line num="43" count="0" type="cond" truecount="0" falsecount="5"/>
        <line num="46" count="24" type="stmt"/>
        <line num="52" count="17" type="cond" truecount="2" falsecount="0"/>
        <line num="53" count="15" type="stmt"/>
      </file>
      <file name="format.js" path="/sessions/kind-zen-gates/mnt/taskflow/src/utils/format.js">
        <metrics statements="7" coveredstatements="7" conditionals="5" coveredconditionals="5" methods="3" coveredmethods="3"/>
        <line num="10" count="5" type="cond" truecount="2" falsecount="0"/>
        <line num="11" count="2" type="stmt"/>
        <line num="18" count="1" type="stmt"/>
        <line num="21" count="1" type="stmt"/>
        <line num="22" count="2" type="stmt"/>
        <line num="23" count="2" type="stmt"/>
        <line num="24" count="2" type="stmt"/>
      </file>
      <file name="initials.js" path="/sessions/kind-zen-gates/mnt/taskflow/src/utils/initials.js">
        <metrics statements="5" coveredstatements="5" conditionals="4" coveredconditionals="4" methods="1" coveredmethods="1"/>
        <line num="2" count="10" type="cond" truecount="2" falsecount="0"/>
        <line num="3" count="7" type="stmt"/>
        <line num="4" count="7" type="cond" truecount="2" falsecount="0"/>
        <line num="5" count="6" type="stmt"/>
        <line num="7" count="1" type="stmt"/>
      </file>
      <file name="routing.js" path="/sessions/kind-zen-gates/mnt/taskflow/src/utils/routing.js">
        <metrics statements="10" coveredstatements="9" conditionals="23" coveredconditionals="22" methods="3" coveredmethods="2"/>
        <line num="7" count="9" type="stmt"/>
        <line num="8" count="9" type="cond" truecount="8" falsecount="0"/>
        <line num="20" count="10" type="cond" truecount="4" falsecount="0"/>
        <line num="21" count="8" type="cond" truecount="5" falsecount="0"/>
        <line num="22" count="6" type="stmt"/>
        <line num="23" count="6" type="cond" truecount="1" falsecount="1"/>
        <line num="24" count="6" type="cond" truecount="2" falsecount="0"/>
        <line num="25" count="6" type="stmt"/>
        <line num="27" count="2" type="cond" truecount="2" falsecount="0"/>
        <line num="35" count="0" type="stmt"/>
      </file>
      <file name="storage.js" path="/sessions/kind-zen-gates/mnt/taskflow/src/utils/storage.js">
        <metrics statements="24" coveredstatements="16" conditionals="3" coveredconditionals="3" methods="13" coveredmethods="6"/>
        <line num="9" count="2" type="stmt"/>
        <line num="11" count="2" type="stmt"/>
        <line num="13" count="15" type="stmt"/>
        <line num="14" count="15" type="stmt"/>
        <line num="15" count="15" type="cond" truecount="2" falsecount="0"/>
        <line num="17" count="1" type="stmt"/>
        <line num="22" count="12" type="stmt"/>
        <line num="23" count="12" type="stmt"/>
        <line num="25" count="0" type="stmt"/>
        <line num="30" count="1" type="stmt"/>
        <line num="31" count="1" type="stmt"/>
        <line num="36" count="1" type="stmt"/>
        <line num="37" count="3" type="stmt"/>
        <line num="38" count="2" type="stmt"/>
        <line num="47" count="2" type="stmt"/>
        <line num="48" count="0" type="stmt"/>
        <line num="49" count="0" type="stmt"/>
        <line num="53" count="2" type="stmt"/>
        <line num="54" count="0" type="stmt"/>
        <line num="55" count="0" type="stmt"/>
        <line num="59" count="2" type="stmt"/>
        <line num="60" count="0" type="stmt"/>
        <line num="61" count="0" type="stmt"/>
        <line num="62" count="0" type="stmt"/>
      </file>
    </package>
  </project>
</coverage>
