{"/sessions/kind-zen-gates/mnt/taskflow/src/constants.js": {"path":"/sessions/kind-zen-gates/mnt/taskflow/src/constants.js","statementMap":{"0":{"start":{"line":6,"column":29},"end":{"line":6,"column":null}},"1":{"start":{"line":8,"column":33},"end":{"line":103,"column":null}},"2":{"start":{"line":105,"column":25},"end":{"line":109,"column":null}},"3":{"start":{"line":111,"column":23},"end":{"line":111,"column":null}},"4":{"start":{"line":111,"column":34},"end":{"line":111,"column":null}},"5":{"start":{"line":113,"column":20},"end":{"line":113,"column":null}},"6":{"start":{"line":113,"column":40},"end":{"line":113,"column":null}},"7":{"start":{"line":114,"column":20},"end":{"line":114,"column":null}},"8":{"start":{"line":114,"column":41},"end":{"line":114,"column":null}}},"fnMap":{"0":{"name":"(anonymous_0)","decl":{"start":{"line":111,"column":23},"end":{"line":111,"column":24}},"loc":{"start":{"line":111,"column":34},"end":{"line":111,"column":null}},"line":111},"1":{"name":"(anonymous_1)","decl":{"start":{"line":113,"column":20},"end":{"line":113,"column":21}},"loc":{"start":{"line":113,"column":40},"end":{"line":113,"column":null}},"line":113},"2":{"name":"(anonymous_2)","decl":{"start":{"line":114,"column":20},"end":{"line":114,"column":21}},"loc":{"start":{"line":114,"column":41},"end":{"line":114,"column":null}},"line":114}},"branchMap":{"0":{"loc":{"start":{"line":111,"column":34},"end":{"line":111,"column":null}},"type":"binary-expr","locations":[{"start":{"line":111,"column":34},"end":{"line":111,"column":50}},{"start":{"line":111,"column":54},"end":{"line":111,"column":null}}],"line":111}},"s":{"0":1,"1":1,"2":1,"3":1,"4":2,"5":1,"6":4,"7":1,"8":3},"f":{"0":2,"1":4,"2":3},"b":{"0":[2,1]},"meta":{"lastBranch":1,"lastFunction":3,"lastStatement":9,"seen":{"s:6:29:6:Infinity":0,"s:8:33:103:Infinity":1,"s:105:25:109:Infinity":2,"s:111:23:111:Infinity":3,"f:111:23:111:24":0,"s:111:34:111:Infinity":4,"b:111:34:111:50:111:54:111:Infinity":0,"s:113:20:113:Infinity":5,"f:113:20:113:21":1,"s:113:40:113:Infinity":6,"s:114:20:114:Infinity":7,"f:114:20:114:21":2,"s:114:41:114:Infinity":8}}}
,"/sessions/kind-zen-gates/mnt/taskflow/src/components/FormSubmitModal.jsx": {"path":"/sessions/kind-zen-gates/mnt/taskflow/src/components/FormSubmitModal.jsx","statementMap":{"0":{"start":{"line":10,"column":8},"end":{"line":10,"column":null}},"1":{"start":{"line":11,"column":26},"end":{"line":18,"column":null}},"2":{"start":{"line":12,"column":17},"end":{"line":12,"column":null}},"3":{"start":{"line":13,"column":4},"end":{"line":16,"column":null}},"4":{"start":{"line":14,"column":6},"end":{"line":15,"column":null}},"5":{"start":{"line":14,"column":33},"end":{"line":14,"column":null}},"6":{"start":{"line":15,"column":11},"end":{"line":15,"column":null}},"7":{"start":{"line":17,"column":4},"end":{"line":17,"column":null}},"8":{"start":{"line":19,"column":26},"end":{"line":19,"column":null}},"9":{"start":{"line":21,"column":19},"end":{"line":24,"column":null}},"10":{"start":{"line":22,"column":4},"end":{"line":22,"column":null}},"11":{"start":{"line":22,"column":20},"end":{"line":22,"column":41}},"12":{"start":{"line":23,"column":4},"end":{"line":23,"column":null}},"13":{"start":{"line":23,"column":20},"end":{"line":23,"column":47}},"14":{"start":{"line":26,"column":23},"end":{"line":79,"column":null}},"15":{"start":{"line":28,"column":17},"end":{"line":28,"column":null}},"16":{"start":{"line":29,"column":4},"end":{"line":38,"column":null}},"17":{"start":{"line":30,"column":6},"end":{"line":37,"column":null}},"18":{"start":{"line":31,"column":18},"end":{"line":31,"column":null}},"19":{"start":{"line":32,"column":8},"end":{"line":36,"column":null}},"20":{"start":{"line":33,"column":10},"end":{"line":33,"column":null}},"21":{"start":{"line":33,"column":28},"end":{"line":33,"column":null}},"22":{"start":{"line":34,"column":8},"end":{"line":36,"column":null}},"23":{"start":{"line":35,"column":10},"end":{"line":35,"column":null}},"24":{"start":{"line":39,"column":4},"end":{"line":39,"column":null}},"25":{"start":{"line":39,"column":36},"end":{"line":39,"column":53}},"26":{"start":{"line":39,"column":53},"end":{"line":39,"column":60}},"27":{"start":{"line":42,"column":17},"end":{"line":49,"column":null}},"28":{"start":{"line":51,"column":23},"end":{"line":51,"column":null}},"29":{"start":{"line":53,"column":4},"end":{"line":68,"column":null}},"30":{"start":{"line":54,"column":18},"end":{"line":54,"column":null}},"31":{"start":{"line":55,"column":18},"end":{"line":55,"column":null}},"32":{"start":{"line":56,"column":6},"end":{"line":56,"column":null}},"33":{"start":{"line":56,"column":34},"end":{"line":56,"column":null}},"34":{"start":{"line":58,"column":25},"end":{"line":58,"column":null}},"35":{"start":{"line":60,"column":6},"end":{"line":67,"column":null}},"36":{"start":{"line":61,"column":22},"end":{"line":61,"column":47}},"37":{"start":{"line":61,"column":47},"end":{"line":61,"column":null}},"38":{"start":{"line":62,"column":21},"end":{"line":62,"column":45}},"39":{"start":{"line":62,"column":45},"end":{"line":62,"column":null}},"40":{"start":{"line":63,"column":20},"end":{"line":63,"column":43}},"41":{"start":{"line":63,"column":43},"end":{"line":63,"column":null}},"42":{"start":{"line":64,"column":20},"end":{"line":64,"column":43}},"43":{"start":{"line":64,"column":43},"end":{"line":64,"column":null}},"44":{"start":{"line":65,"column":20},"end":{"line":65,"column":43}},"45":{"start":{"line":65,"column":43},"end":{"line":65,"column":null}},"46":{"start":{"line":66,"column":17},"end":{"line":66,"column":null}},"47":{"start":{"line":71,"column":4},"end":{"line":73,"column":null}},"48":{"start":{"line":72,"column":6},"end":{"line":72,"column":null}},"49":{"start":{"line":76,"column":4},"end":{"line":76,"column":null}},"50":{"start":{"line":76,"column":21},"end":{"line":76,"column":null}},"51":{"start":{"line":78,"column":4},"end":{"line":78,"column":null}},"52":{"start":{"line":81,"column":26},"end":{"line":85,"column":null}},"53":{"start":{"line":81,"column":36},"end":{"line":85,"column":null}},"54":{"start":{"line":87,"column":23},"end":{"line":90,"column":null}},"55":{"start":{"line":91,"column":21},"end":{"line":95,"column":null}},"56":{"start":{"line":97,"column":2},"end":{"line":182,"column":null}},"57":{"start":{"line":99,"column":44},"end":{"line":99,"column":null}},"58":{"start":{"line":107,"column":12},"end":{"line":167,"column":null}},"59":{"start":{"line":114,"column":69},"end":{"line":114,"column":null}},"60":{"start":{"line":119,"column":72},"end":{"line":119,"column":null}},"61":{"start":{"line":125,"column":70},"end":{"line":125,"column":null}},"62":{"start":{"line":129,"column":30},"end":{"line":129,"column":38}},"63":{"start":{"line":130,"column":30},"end":{"line":130,"column":68}},"64":{"start":{"line":136,"column":81},"end":{"line":136,"column":null}},"65":{"start":{"line":141,"column":83},"end":{"line":141,"column":null}},"66":{"start":{"line":148,"column":35},"end":{"line":148,"column":null}},"67":{"start":{"line":155,"column":80},"end":{"line":155,"column":null}},"68":{"start":{"line":160,"column":82},"end":{"line":160,"column":null}}},"fnMap":{"0":{"name":"FormSubmitModal","decl":{"start":{"line":9,"column":24},"end":{"line":9,"column":40}},"loc":{"start":{"line":9,"column":79},"end":{"line":184,"column":null}},"line":9},"1":{"name":"(anonymous_1)","decl":{"start":{"line":11,"column":39},"end":{"line":11,"column":45}},"loc":{"start":{"line":11,"column":45},"end":{"line":18,"column":3}},"line":11},"2":{"name":"(anonymous_2)","decl":{"start":{"line":21,"column":19},"end":{"line":21,"column":20}},"loc":{"start":{"line":21,"column":33},"end":{"line":24,"column":null}},"line":21},"3":{"name":"(anonymous_3)","decl":{"start":{"line":22,"column":14},"end":{"line":22,"column":20}},"loc":{"start":{"line":22,"column":20},"end":{"line":22,"column":41}},"line":22},"4":{"name":"(anonymous_4)","decl":{"start":{"line":23,"column":14},"end":{"line":23,"column":20}},"loc":{"start":{"line":23,"column":20},"end":{"line":23,"column":47}},"line":23},"5":{"name":"(anonymous_5)","decl":{"start":{"line":26,"column":23},"end":{"line":26,"column":29}},"loc":{"start":{"line":26,"column":29},"end":{"line":79,"column":null}},"line":26},"6":{"name":"(anonymous_6)","decl":{"start":{"line":81,"column":26},"end":{"line":81,"column":27}},"loc":{"start":{"line":81,"column":36},"end":{"line":85,"column":null}},"line":81},"7":{"name":"(anonymous_7)","decl":{"start":{"line":99,"column":39},"end":{"line":99,"column":44}},"loc":{"start":{"line":99,"column":44},"end":{"line":99,"column":null}},"line":99},"8":{"name":"(anonymous_8)","decl":{"start":{"line":106,"column":35},"end":{"line":106,"column":null}},"loc":{"start":{"line":107,"column":12},"end":{"line":167,"column":null}},"line":107},"9":{"name":"(anonymous_9)","decl":{"start":{"line":114,"column":64},"end":{"line":114,"column":69}},"loc":{"start":{"line":114,"column":69},"end":{"line":114,"column":null}},"line":114},"10":{"name":"(anonymous_10)","decl":{"start":{"line":119,"column":67},"end":{"line":119,"column":72}},"loc":{"start":{"line":119,"column":72},"end":{"line":119,"column":null}},"line":119},"11":{"name":"(anonymous_11)","decl":{"start":{"line":125,"column":65},"end":{"line":125,"column":70}},"loc":{"start":{"line":125,"column":70},"end":{"line":125,"column":null}},"line":125},"12":{"name":"(anonymous_12)","decl":{"start":{"line":129,"column":25},"end":{"line":129,"column":30}},"loc":{"start":{"line":129,"column":30},"end":{"line":129,"column":38}},"line":129},"13":{"name":"(anonymous_13)","decl":{"start":{"line":130,"column":25},"end":{"line":130,"column":30}},"loc":{"start":{"line":130,"column":30},"end":{"line":130,"column":68}},"line":130},"14":{"name":"(anonymous_14)","decl":{"start":{"line":136,"column":76},"end":{"line":136,"column":81}},"loc":{"start":{"line":136,"column":81},"end":{"line":136,"column":null}},"line":136},"15":{"name":"(anonymous_15)","decl":{"start":{"line":141,"column":78},"end":{"line":141,"column":83}},"loc":{"start":{"line":141,"column":83},"end":{"line":141,"column":null}},"line":141},"16":{"name":"(anonymous_16)","decl":{"start":{"line":148,"column":30},"end":{"line":148,"column":35}},"loc":{"start":{"line":148,"column":35},"end":{"line":148,"column":null}},"line":148},"17":{"name":"(anonymous_17)","decl":{"start":{"line":155,"column":75},"end":{"line":155,"column":80}},"loc":{"start":{"line":155,"column":80},"end":{"line":155,"column":null}},"line":155},"18":{"name":"(anonymous_18)","decl":{"start":{"line":160,"column":77},"end":{"line":160,"column":82}},"loc":{"start":{"line":160,"column":82},"end":{"line":160,"column":null}},"line":160}},"branchMap":{"0":{"loc":{"start":{"line":13,"column":20},"end":{"line":13,"column":39}},"type":"binary-expr","locations":[{"start":{"line":13,"column":20},"end":{"line":13,"column":35}},{"start":{"line":13,"column":35},"end":{"line":13,"column":39}}],"line":13},"1":{"loc":{"start":{"line":14,"column":6},"end":{"line":15,"column":null}},"type":"if","locations":[{"start":{"line":14,"column":6},"end":{"line":15,"column":null}},{"start":{"line":15,"column":11},"end":{"line":15,"column":null}}],"line":14},"2":{"loc":{"start":{"line":14,"column":46},"end":{"line":14,"column":null}},"type":"cond-expr","locations":[{"start":{"line":14,"column":74},"end":{"line":14,"column":83}},{"start":{"line":14,"column":83},"end":{"line":14,"column":null}}],"line":14},"3":{"loc":{"start":{"line":15,"column":24},"end":{"line":15,"column":null}},"type":"binary-expr","locations":[{"start":{"line":15,"column":24},"end":{"line":15,"column":42}},{"start":{"line":15,"column":42},"end":{"line":15,"column":null}}],"line":15},"4":{"loc":{"start":{"line":29,"column":20},"end":{"line":29,"column":39}},"type":"binary-expr","locations":[{"start":{"line":29,"column":20},"end":{"line":29,"column":35}},{"start":{"line":29,"column":35},"end":{"line":29,"column":39}}],"line":29},"5":{"loc":{"start":{"line":30,"column":6},"end":{"line":37,"column":null}},"type":"if","locations":[{"start":{"line":30,"column":6},"end":{"line":37,"column":null}},{"start":{},"end":{}}],"line":30},"6":{"loc":{"start":{"line":32,"column":8},"end":{"line":36,"column":null}},"type":"if","locations":[{"start":{"line":32,"column":8},"end":{"line":36,"column":null}},{"start":{"line":34,"column":8},"end":{"line":36,"column":null}}],"line":32},"7":{"loc":{"start":{"line":33,"column":10},"end":{"line":33,"column":null}},"type":"if","locations":[{"start":{"line":33,"column":10},"end":{"line":33,"column":null}},{"start":{},"end":{}}],"line":33},"8":{"loc":{"start":{"line":34,"column":8},"end":{"line":36,"column":null}},"type":"if","locations":[{"start":{"line":34,"column":8},"end":{"line":36,"column":null}},{"start":{},"end":{}}],"line":34},"9":{"loc":{"start":{"line":39,"column":4},"end":{"line":39,"column":null}},"type":"if","locations":[{"start":{"line":39,"column":4},"end":{"line":39,"column":null}},{"start":{},"end":{}}],"line":39},"10":{"loc":{"start":{"line":48,"column":11},"end":{"line":48,"column":null}},"type":"binary-expr","locations":[{"start":{"line":48,"column":11},"end":{"line":48,"column":34}},{"start":{"line":48,"column":34},"end":{"line":48,"column":51}},{"start":{"line":48,"column":51},"end":{"line":48,"column":null}}],"line":48},"11":{"loc":{"start":{"line":53,"column":20},"end":{"line":53,"column":39}},"type":"binary-expr","locations":[{"start":{"line":53,"column":20},"end":{"line":53,"column":35}},{"start":{"line":53,"column":35},"end":{"line":53,"column":39}}],"line":53},"12":{"loc":{"start":{"line":54,"column":18},"end":{"line":54,"column":null}},"type":"binary-expr","locations":[{"start":{"line":54,"column":18},"end":{"line":54,"column":34}},{"start":{"line":54,"column":34},"end":{"line":54,"column":null}}],"line":54},"13":{"loc":{"start":{"line":55,"column":18},"end":{"line":55,"column":null}},"type":"cond-expr","locations":[{"start":{"line":55,"column":44},"end":{"line":55,"column":57}},{"start":{"line":55,"column":57},"end":{"line":55,"column":null}}],"line":55},"14":{"loc":{"start":{"line":56,"column":6},"end":{"line":56,"column":null}},"type":"if","locations":[{"start":{"line":56,"column":6},"end":{"line":56,"column":null}},{"start":{},"end":{}}],"line":56},"15":{"loc":{"start":{"line":56,"column":10},"end":{"line":56,"column":34}},"type":"binary-expr","locations":[{"start":{"line":56,"column":10},"end":{"line":56,"column":18}},{"start":{"line":56,"column":18},"end":{"line":56,"column":34}}],"line":56},"16":{"loc":{"start":{"line":58,"column":25},"end":{"line":58,"column":null}},"type":"cond-expr","locations":[{"start":{"line":58,"column":50},"end":{"line":58,"column":80}},{"start":{"line":58,"column":80},"end":{"line":58,"column":null}}],"line":58},"17":{"loc":{"start":{"line":58,"column":50},"end":{"line":58,"column":80}},"type":"cond-expr","locations":[{"start":{"line":58,"column":67},"end":{"line":58,"column":73}},{"start":{"line":58,"column":73},"end":{"line":58,"column":80}}],"line":58},"18":{"loc":{"start":{"line":60,"column":6},"end":{"line":67,"column":null}},"type":"switch","locations":[{"start":{"line":61,"column":8},"end":{"line":61,"column":null}},{"start":{"line":62,"column":8},"end":{"line":62,"column":null}},{"start":{"line":63,"column":8},"end":{"line":63,"column":null}},{"start":{"line":64,"column":8},"end":{"line":64,"column":null}},{"start":{"line":65,"column":8},"end":{"line":65,"column":null}},{"start":{"line":66,"column":8},"end":{"line":66,"column":null}}],"line":60},"19":{"loc":{"start":{"line":71,"column":4},"end":{"line":73,"column":null}},"type":"if","locations":[{"start":{"line":71,"column":4},"end":{"line":73,"column":null}},{"start":{},"end":{}}],"line":71},"20":{"loc":{"start":{"line":76,"column":4},"end":{"line":76,"column":null}},"type":"if","locations":[{"start":{"line":76,"column":4},"end":{"line":76,"column":null}},{"start":{},"end":{}}],"line":76},"21":{"loc":{"start":{"line":83,"column":25},"end":{"line":83,"column":71}},"type":"cond-expr","locations":[{"start":{"line":83,"column":39},"end":{"line":83,"column":59}},{"start":{"line":83,"column":59},"end":{"line":83,"column":71}}],"line":83},"22":{"loc":{"start":{"line":101,"column":9},"end":{"line":102,"column":null}},"type":"binary-expr","locations":[{"start":{"line":101,"column":9},"end":{"line":101,"column":null}},{"start":{"line":102,"column":10},"end":{"line":102,"column":null}}],"line":101},"23":{"loc":{"start":{"line":106,"column":12},"end":{"line":106,"column":31}},"type":"binary-expr","locations":[{"start":{"line":106,"column":12},"end":{"line":106,"column":27}},{"start":{"line":106,"column":27},"end":{"line":106,"column":31}}],"line":106},"24":{"loc":{"start":{"line":110,"column":17},"end":{"line":110,"column":null}},"type":"binary-expr","locations":[{"start":{"line":110,"column":17},"end":{"line":110,"column":35}},{"start":{"line":110,"column":35},"end":{"line":110,"column":null}}],"line":110},"25":{"loc":{"start":{"line":113,"column":15},"end":{"line":115,"column":null}},"type":"binary-expr","locations":[{"start":{"line":113,"column":15},"end":{"line":113,"column":null}},{"start":{"line":114,"column":16},"end":{"line":115,"column":null}}],"line":113},"26":{"loc":{"start":{"line":114,"column":30},"end":{"line":114,"column":54}},"type":"binary-expr","locations":[{"start":{"line":114,"column":30},"end":{"line":114,"column":50}},{"start":{"line":114,"column":50},"end":{"line":114,"column":54}}],"line":114},"27":{"loc":{"start":{"line":115,"column":31},"end":{"line":115,"column":56}},"type":"binary-expr","locations":[{"start":{"line":115,"column":31},"end":{"line":115,"column":52}},{"start":{"line":115,"column":52},"end":{"line":115,"column":56}}],"line":115},"28":{"loc":{"start":{"line":118,"column":15},"end":{"line":121,"column":null}},"type":"binary-expr","locations":[{"start":{"line":118,"column":15},"end":{"line":118,"column":null}},{"start":{"line":119,"column":16},"end":{"line":121,"column":null}}],"line":118},"29":{"loc":{"start":{"line":119,"column":33},"end":{"line":119,"column":57}},"type":"binary-expr","locations":[{"start":{"line":119,"column":33},"end":{"line":119,"column":53}},{"start":{"line":119,"column":53},"end":{"line":119,"column":57}}],"line":119},"30":{"loc":{"start":{"line":120,"column":40},"end":{"line":120,"column":null}},"type":"binary-expr","locations":[{"start":{"line":120,"column":40},"end":{"line":120,"column":61}},{"start":{"line":120,"column":61},"end":{"line":120,"column":null}}],"line":120},"31":{"loc":{"start":{"line":124,"column":15},"end":{"line":132,"column":null}},"type":"binary-expr","locations":[{"start":{"line":124,"column":15},"end":{"line":124,"column":null}},{"start":{"line":125,"column":16},"end":{"line":132,"column":null}}],"line":124},"32":{"loc":{"start":{"line":125,"column":31},"end":{"line":125,"column":55}},"type":"binary-expr","locations":[{"start":{"line":125,"column":31},"end":{"line":125,"column":51}},{"start":{"line":125,"column":51},"end":{"line":125,"column":55}}],"line":125},"33":{"loc":{"start":{"line":127,"column":36},"end":{"line":127,"column":70}},"type":"binary-expr","locations":[{"start":{"line":127,"column":36},"end":{"line":127,"column":58}},{"start":{"line":127,"column":58},"end":{"line":127,"column":70}}],"line":127},"34":{"loc":{"start":{"line":128,"column":20},"end":{"line":128,"column":null}},"type":"cond-expr","locations":[{"start":{"line":128,"column":56},"end":{"line":128,"column":83}},{"start":{"line":128,"column":83},"end":{"line":128,"column":null}}],"line":128},"35":{"loc":{"start":{"line":128,"column":83},"end":{"line":128,"column":null}},"type":"binary-expr","locations":[{"start":{"line":128,"column":83},"end":{"line":128,"column":100}},{"start":{"line":128,"column":100},"end":{"line":128,"column":null}}],"line":128},"36":{"loc":{"start":{"line":135,"column":15},"end":{"line":137,"column":null}},"type":"binary-expr","locations":[{"start":{"line":135,"column":15},"end":{"line":135,"column":null}},{"start":{"line":136,"column":16},"end":{"line":137,"column":null}}],"line":135},"37":{"loc":{"start":{"line":136,"column":42},"end":{"line":136,"column":66}},"type":"binary-expr","locations":[{"start":{"line":136,"column":42},"end":{"line":136,"column":62}},{"start":{"line":136,"column":62},"end":{"line":136,"column":66}}],"line":136},"38":{"loc":{"start":{"line":140,"column":15},"end":{"line":142,"column":null}},"type":"binary-expr","locations":[{"start":{"line":140,"column":15},"end":{"line":140,"column":null}},{"start":{"line":141,"column":16},"end":{"line":142,"column":null}}],"line":140},"39":{"loc":{"start":{"line":141,"column":44},"end":{"line":141,"column":68}},"type":"binary-expr","locations":[{"start":{"line":141,"column":44},"end":{"line":141,"column":64}},{"start":{"line":141,"column":64},"end":{"line":141,"column":68}}],"line":141},"40":{"loc":{"start":{"line":142,"column":31},"end":{"line":142,"column":56}},"type":"binary-expr","locations":[{"start":{"line":142,"column":31},"end":{"line":142,"column":52}},{"start":{"line":142,"column":52},"end":{"line":142,"column":56}}],"line":142},"41":{"loc":{"start":{"line":145,"column":15},"end":{"line":151,"column":null}},"type":"binary-expr","locations":[{"start":{"line":145,"column":15},"end":{"line":145,"column":null}},{"start":{"line":146,"column":16},"end":{"line":151,"column":null}}],"line":145},"42":{"loc":{"start":{"line":148,"column":54},"end":{"line":148,"column":84}},"type":"cond-expr","locations":[{"start":{"line":148,"column":73},"end":{"line":148,"column":82}},{"start":{"line":148,"column":82},"end":{"line":148,"column":84}}],"line":148},"43":{"loc":{"start":{"line":150,"column":19},"end":{"line":150,"column":null}},"type":"binary-expr","locations":[{"start":{"line":150,"column":19},"end":{"line":150,"column":40}},{"start":{"line":150,"column":40},"end":{"line":150,"column":null}}],"line":150},"44":{"loc":{"start":{"line":154,"column":15},"end":{"line":156,"column":null}},"type":"binary-expr","locations":[{"start":{"line":154,"column":15},"end":{"line":154,"column":null}},{"start":{"line":155,"column":16},"end":{"line":156,"column":null}}],"line":154},"45":{"loc":{"start":{"line":155,"column":41},"end":{"line":155,"column":65}},"type":"binary-expr","locations":[{"start":{"line":155,"column":41},"end":{"line":155,"column":61}},{"start":{"line":155,"column":61},"end":{"line":155,"column":65}}],"line":155},"46":{"loc":{"start":{"line":156,"column":31},"end":{"line":156,"column":65}},"type":"binary-expr","locations":[{"start":{"line":156,"column":31},"end":{"line":156,"column":52}},{"start":{"line":156,"column":52},"end":{"line":156,"column":65}}],"line":156},"47":{"loc":{"start":{"line":159,"column":15},"end":{"line":161,"column":null}},"type":"binary-expr","locations":[{"start":{"line":159,"column":15},"end":{"line":159,"column":null}},{"start":{"line":160,"column":16},"end":{"line":161,"column":null}}],"line":159},"48":{"loc":{"start":{"line":160,"column":43},"end":{"line":160,"column":67}},"type":"binary-expr","locations":[{"start":{"line":160,"column":43},"end":{"line":160,"column":63}},{"start":{"line":160,"column":63},"end":{"line":160,"column":67}}],"line":160},"49":{"loc":{"start":{"line":161,"column":31},"end":{"line":161,"column":72}},"type":"binary-expr","locations":[{"start":{"line":161,"column":31},"end":{"line":161,"column":52}},{"start":{"line":161,"column":52},"end":{"line":161,"column":72}}],"line":161},"50":{"loc":{"start":{"line":164,"column":15},"end":{"line":165,"column":null}},"type":"binary-expr","locations":[{"start":{"line":164,"column":15},"end":{"line":164,"column":null}},{"start":{"line":165,"column":16},"end":{"line":165,"column":null}}],"line":164},"51":{"loc":{"start":{"line":165,"column":87},"end":{"line":165,"column":135}},"type":"binary-expr","locations":[{"start":{"line":165,"column":87},"end":{"line":165,"column":110}},{"start":{"line":165,"column":110},"end":{"line":165,"column":135}}],"line":165},"52":{"loc":{"start":{"line":174,"column":13},"end":{"line":174,"column":null}},"type":"binary-expr","locations":[{"start":{"line":174,"column":13},"end":{"line":174,"column":29}},{"start":{"line":174,"column":29},"end":{"line":174,"column":null}}],"line":174},"53":{"loc":{"start":{"line":178,"column":13},"end":{"line":178,"column":null}},"type":"binary-expr","locations":[{"start":{"line":178,"column":13},"end":{"line":178,"column":25}},{"start":{"line":178,"column":25},"end":{"line":178,"column":null}}],"line":178}},"s":{"0":24,"1":24,"2":13,"3":13,"4":19,"5":2,"6":17,"7":13,"8":24,"9":24,"10":8,"11":8,"12":8,"13":8,"14":24,"15":8,"16":8,"17":10,"18":3,"19":3,"20":1,"21":1,"22":2,"23":2,"24":8,"25":3,"26":3,"27":5,"28":8,"29":8,"30":7,"31":7,"32":7,"33":0,"34":7,"35":7,"36":3,"37":3,"38":1,"39":1,"40":1,"41":1,"42":0,"43":0,"44":1,"45":1,"46":1,"47":5,"48":1,"49":5,"50":5,"51":5,"52":24,"53":31,"54":24,"55":24,"56":24,"57":9,"58":34,"59":7,"60":0,"61":1,"62":9,"63":9,"64":0,"65":0,"66":0,"67":0,"68":0},"f":{"0":24,"1":13,"2":8,"3":8,"4":8,"5":8,"6":31,"7":9,"8":34,"9":7,"10":0,"11":1,"12":9,"13":9,"14":0,"15":0,"16":0,"17":0,"18":0},"b":{"0":[13,0],"1":[2,17],"2":[0,2],"3":[17,16],"4":[8,0],"5":[3,7],"6":[1,2],"7":[1,0],"8":[2,0],"9":[3,5],"10":[5,0,0],"11":[8,0],"12":[7,0],"13":[7,0],"14":[0,7],"15":[7,0],"16":[0,7],"17":[0,0],"18":[3,1,1,0,1,1],"19":[1,4],"20":[2,3],"21":[2,29],"22":[24,1],"23":[24,0],"24":[34,7],"25":[34,23],"26":[23,0],"27":[23,23],"28":[34,1],"29":[1,0],"30":[1,1],"31":[34,3],"32":[3,0],"33":[3,3],"34":[3,0],"35":[0,0],"36":[34,1],"37":[1,0],"38":[34,1],"39":[1,0],"40":[1,1],"41":[34,3],"42":[0,0],"43":[3,3],"44":[34,1],"45":[1,0],"46":[1,1],"47":[34,1],"48":[1,0],"49":[1,1],"50":[34,3],"51":[3,3],"52":[24,24],"53":[24,24]},"meta":{"lastBranch":54,"lastFunction":19,"lastStatement":69,"seen":{"f:9:24:9:40":0,"s:10:8:10:Infinity":0,"s:11:26:18:Infinity":1,"f:11:39:11:45":1,"s:12:17:12:Infinity":2,"s:13:4:16:Infinity":3,"b:13:20:13:35:13:35:13:39":0,"b:14:6:15:Infinity:15:11:15:Infinity":1,"s:14:6:15:Infinity":4,"s:14:33:14:Infinity":5,"b:14:74:14:83:14:83:14:Infinity":2,"s:15:11:15:Infinity":6,"b:15:24:15:42:15:42:15:Infinity":3,"s:17:4:17:Infinity":7,"s:19:26:19:Infinity":8,"s:21:19:24:Infinity":9,"f:21:19:21:20":2,"s:22:4:22:Infinity":10,"f:22:14:22:20":3,"s:22:20:22:41":11,"s:23:4:23:Infinity":12,"f:23:14:23:20":4,"s:23:20:23:47":13,"s:26:23:79:Infinity":14,"f:26:23:26:29":5,"s:28:17:28:Infinity":15,"s:29:4:38:Infinity":16,"b:29:20:29:35:29:35:29:39":4,"b:30:6:37:Infinity:undefined:undefined:undefined:undefined":5,"s:30:6:37:Infinity":17,"s:31:18:31:Infinity":18,"b:32:8:36:Infinity:34:8:36:Infinity":6,"s:32:8:36:Infinity":19,"b:33:10:33:Infinity:undefined:undefined:undefined:undefined":7,"s:33:10:33:Infinity":20,"s:33:28:33:Infinity":21,"b:34:8:36:Infinity:undefined:undefined:undefined:undefined":8,"s:34:8:36:Infinity":22,"s:35:10:35:Infinity":23,"b:39:4:39:Infinity:undefined:undefined:undefined:undefined":9,"s:39:4:39:Infinity":24,"s:39:36:39:53":25,"s:39:53:39:60":26,"s:42:17:49:Infinity":27,"b:48:11:48:34:48:34:48:51:48:51:48:Infinity":10,"s:51:23:51:Infinity":28,"s:53:4:68:Infinity":29,"b:53:20:53:35:53:35:53:39":11,"s:54:18:54:Infinity":30,"b:54:18:54:34:54:34:54:Infinity":12,"s:55:18:55:Infinity":31,"b:55:44:55:57:55:57:55:Infinity":13,"b:56:6:56:Infinity:undefined:undefined:undefined:undefined":14,"s:56:6:56:Infinity":32,"b:56:10:56:18:56:18:56:34":15,"s:56:34:56:Infinity":33,"s:58:25:58:Infinity":34,"b:58:50:58:80:58:80:58:Infinity":16,"b:58:67:58:73:58:73:58:80":17,"b:61:8:61:Infinity:62:8:62:Infinity:63:8:63:Infinity:64:8:64:Infinity:65:8:65:Infinity:66:8:66:Infinity":18,"s:60:6:67:Infinity":35,"s:61:22:61:47":36,"s:61:47:61:Infinity":37,"s:62:21:62:45":38,"s:62:45:62:Infinity":39,"s:63:20:63:43":40,"s:63:43:63:Infinity":41,"s:64:20:64:43":42,"s:64:43:64:Infinity":43,"s:65:20:65:43":44,"s:65:43:65:Infinity":45,"s:66:17:66:Infinity":46,"b:71:4:73:Infinity:undefined:undefined:undefined:undefined":19,"s:71:4:73:Infinity":47,"s:72:6:72:Infinity":48,"b:76:4:76:Infinity:undefined:undefined:undefined:undefined":20,"s:76:4:76:Infinity":49,"s:76:21:76:Infinity":50,"s:78:4:78:Infinity":51,"s:81:26:85:Infinity":52,"f:81:26:81:27":6,"s:81:36:85:Infinity":53,"b:83:39:83:59:83:59:83:71":21,"s:87:23:90:Infinity":54,"s:91:21:95:Infinity":55,"s:97:2:182:Infinity":56,"f:99:39:99:44":7,"s:99:44:99:Infinity":57,"b:101:9:101:Infinity:102:10:102:Infinity":22,"b:106:12:106:27:106:27:106:31":23,"f:106:35:106:Infinity":8,"s:107:12:167:Infinity":58,"b:110:17:110:35:110:35:110:Infinity":24,"b:113:15:113:Infinity:114:16:115:Infinity":25,"b:114:30:114:50:114:50:114:54":26,"f:114:64:114:69":9,"s:114:69:114:Infinity":59,"b:115:31:115:52:115:52:115:56":27,"b:118:15:118:Infinity:119:16:121:Infinity":28,"b:119:33:119:53:119:53:119:57":29,"f:119:67:119:72":10,"s:119:72:119:Infinity":60,"b:120:40:120:61:120:61:120:Infinity":30,"b:124:15:124:Infinity:125:16:132:Infinity":31,"b:125:31:125:51:125:51:125:55":32,"f:125:65:125:70":11,"s:125:70:125:Infinity":61,"b:127:36:127:58:127:58:127:70":33,"b:128:56:128:83:128:83:128:Infinity":34,"b:128:83:128:100:128:100:128:Infinity":35,"f:129:25:129:30":12,"s:129:30:129:38":62,"f:130:25:130:30":13,"s:130:30:130:68":63,"b:135:15:135:Infinity:136:16:137:Infinity":36,"b:136:42:136:62:136:62:136:66":37,"f:136:76:136:81":14,"s:136:81:136:Infinity":64,"b:140:15:140:Infinity:141:16:142:Infinity":38,"b:141:44:141:64:141:64:141:68":39,"f:141:78:141:83":15,"s:141:83:141:Infinity":65,"b:142:31:142:52:142:52:142:56":40,"b:145:15:145:Infinity:146:16:151:Infinity":41,"f:148:30:148:35":16,"s:148:35:148:Infinity":66,"b:148:73:148:82:148:82:148:84":42,"b:150:19:150:40:150:40:150:Infinity":43,"b:154:15:154:Infinity:155:16:156:Infinity":44,"b:155:41:155:61:155:61:155:65":45,"f:155:75:155:80":17,"s:155:80:155:Infinity":67,"b:156:31:156:52:156:52:156:65":46,"b:159:15:159:Infinity:160:16:161:Infinity":47,"b:160:43:160:63:160:63:160:67":48,"f:160:77:160:82":18,"s:160:82:160:Infinity":68,"b:161:31:161:52:161:52:161:72":49,"b:164:15:164:Infinity:165:16:165:Infinity":50,"b:165:87:165:110:165:110:165:135":51,"b:174:13:174:29:174:29:174:Infinity":52,"b:178:13:178:25:178:25:178:Infinity":53}}}
,"/sessions/kind-zen-gates/mnt/taskflow/src/data/biomimxData.js": {"path":"/sessions/kind-zen-gates/mnt/taskflow/src/data/biomimxData.js","statementMap":{"0":{"start":{"line":5,"column":32},"end":{"line":10,"column":null}},"1":{"start":{"line":12,"column":34},"end":{"line":15,"column":null}},"2":{"start":{"line":17,"column":32},"end":{"line":22,"column":null}},"3":{"start":{"line":24,"column":29},"end":{"line":36,"column":null}}},"fnMap":{},"branchMap":{},"s":{"0":1,"1":1,"2":1,"3":1},"f":{},"b":{},"meta":{"lastBranch":0,"lastFunction":0,"lastStatement":4,"seen":{"s:5:32:10:Infinity":0,"s:12:34:15:Infinity":1,"s:17:32:22:Infinity":2,"s:24:29:36:Infinity":3}}}
,"/sessions/kind-zen-gates/mnt/taskflow/src/data/initialData.js": {"path":"/sessions/kind-zen-gates/mnt/taskflow/src/data/initialData.js","statementMap":{"0":{"start":{"line":1,"column":30},"end":{"line":4,"column":null}},"1":{"start":{"line":6,"column":32},"end":{"line":11,"column":null}},"2":{"start":{"line":13,"column":34},"end":{"line":16,"column":null}},"3":{"start":{"line":18,"column":32},"end":{"line":23,"column":null}},"4":{"start":{"line":25,"column":29},"end":{"line":39,"column":null}}},"fnMap":{},"branchMap":{},"s":{"0":1,"1":1,"2":1,"3":1,"4":1},"f":{},"b":{},"meta":{"lastBranch":0,"lastFunction":0,"lastStatement":5,"seen":{"s:1:30:4:Infinity":0,"s:6:32:11:Infinity":1,"s:13:34:16:Infinity":2,"s:18:32:23:Infinity":3,"s:25:29:39:Infinity":4}}}
,"/sessions/kind-zen-gates/mnt/taskflow/src/hooks/useProjectActions.js": {"path":"/sessions/kind-zen-gates/mnt/taskflow/src/hooks/useProjectActions.js","statementMap":{"0":{"start":{"line":14,"column":33},"end":{"line":249,"column":null}},"1":{"start":{"line":36,"column":20},"end":{"line":121,"column":null}},"2":{"start":{"line":38,"column":17},"end":{"line":38,"column":null}},"3":{"start":{"line":39,"column":18},"end":{"line":39,"column":null}},"4":{"start":{"line":39,"column":57},"end":{"line":39,"column":74}},"5":{"start":{"line":40,"column":23},"end":{"line":40,"column":null}},"6":{"start":{"line":41,"column":22},"end":{"line":55,"column":null}},"7":{"start":{"line":56,"column":6},"end":{"line":56,"column":null}},"8":{"start":{"line":56,"column":20},"end":{"line":56,"column":35}},"9":{"start":{"line":57,"column":6},"end":{"line":57,"column":null}},"10":{"start":{"line":57,"column":20},"end":{"line":57,"column":44}},"11":{"start":{"line":58,"column":23},"end":{"line":76,"column":null}},"12":{"start":{"line":58,"column":57},"end":{"line":76,"column":7}},"13":{"start":{"line":77,"column":6},"end":{"line":77,"column":null}},"14":{"start":{"line":77,"column":27},"end":{"line":77,"column":null}},"15":{"start":{"line":77,"column":44},"end":{"line":77,"column":66}},"16":{"start":{"line":78,"column":6},"end":{"line":78,"column":null}},"17":{"start":{"line":79,"column":6},"end":{"line":79,"column":null}},"18":{"start":{"line":80,"column":6},"end":{"line":100,"column":null}},"19":{"start":{"line":81,"column":8},"end":{"line":81,"column":null}},"20":{"start":{"line":82,"column":8},"end":{"line":82,"column":null}},"21":{"start":{"line":83,"column":8},"end":{"line":83,"column":null}},"22":{"start":{"line":83,"column":35},"end":{"line":83,"column":61}},"23":{"start":{"line":84,"column":8},"end":{"line":84,"column":null}},"24":{"start":{"line":85,"column":8},"end":{"line":85,"column":null}},"25":{"start":{"line":86,"column":8},"end":{"line":86,"column":null}},"26":{"start":{"line":86,"column":35},"end":{"line":86,"column":null}},"27":{"start":{"line":87,"column":8},"end":{"line":87,"column":null}},"28":{"start":{"line":88,"column":8},"end":{"line":92,"column":null}},"29":{"start":{"line":94,"column":8},"end":{"line":94,"column":null}},"30":{"start":{"line":96,"column":8},"end":{"line":96,"column":null}},"31":{"start":{"line":96,"column":22},"end":{"line":96,"column":54}},"32":{"start":{"line":96,"column":39},"end":{"line":96,"column":53}},"33":{"start":{"line":97,"column":8},"end":{"line":97,"column":null}},"34":{"start":{"line":97,"column":33},"end":{"line":97,"column":41}},"35":{"start":{"line":97,"column":43},"end":{"line":97,"column":56}},"36":{"start":{"line":97,"column":57},"end":{"line":97,"column":65}},"37":{"start":{"line":98,"column":8},"end":{"line":98,"column":null}},"38":{"start":{"line":98,"column":29},"end":{"line":98,"column":null}},"39":{"start":{"line":98,"column":46},"end":{"line":98,"column":76}},"40":{"start":{"line":98,"column":63},"end":{"line":98,"column":75}},"41":{"start":{"line":99,"column":8},"end":{"line":99,"column":null}},"42":{"start":{"line":123,"column":22},"end":{"line":136,"column":null}},"43":{"start":{"line":125,"column":22},"end":{"line":125,"column":null}},"44":{"start":{"line":126,"column":6},"end":{"line":126,"column":null}},"45":{"start":{"line":126,"column":20},"end":{"line":126,"column":35}},"46":{"start":{"line":127,"column":6},"end":{"line":133,"column":null}},"47":{"start":{"line":128,"column":8},"end":{"line":128,"column":null}},"48":{"start":{"line":129,"column":8},"end":{"line":129,"column":null}},"49":{"start":{"line":131,"column":8},"end":{"line":131,"column":null}},"50":{"start":{"line":132,"column":8},"end":{"line":132,"column":null}},"51":{"start":{"line":138,"column":20},"end":{"line":160,"column":null}},"52":{"start":{"line":140,"column":16},"end":{"line":140,"column":null}},"53":{"start":{"line":140,"column":35},"end":{"line":140,"column":49}},"54":{"start":{"line":141,"column":24},"end":{"line":141,"column":null}},"55":{"start":{"line":141,"column":42},"end":{"line":141,"column":54}},"56":{"start":{"line":142,"column":23},"end":{"line":142,"column":null}},"57":{"start":{"line":143,"column":6},"end":{"line":143,"column":null}},"58":{"start":{"line":143,"column":23},"end":{"line":143,"column":58}},"59":{"start":{"line":143,"column":43},"end":{"line":143,"column":57}},"60":{"start":{"line":144,"column":6},"end":{"line":144,"column":null}},"61":{"start":{"line":144,"column":23},"end":{"line":144,"column":53}},"62":{"start":{"line":144,"column":40},"end":{"line":144,"column":52}},"63":{"start":{"line":145,"column":6},"end":{"line":145,"column":null}},"64":{"start":{"line":145,"column":34},"end":{"line":145,"column":45}},"65":{"start":{"line":145,"column":47},"end":{"line":145,"column":60}},"66":{"start":{"line":145,"column":61},"end":{"line":145,"column":69}},"67":{"start":{"line":146,"column":6},"end":{"line":146,"column":null}},"68":{"start":{"line":146,"column":24},"end":{"line":146,"column":37}},"69":{"start":{"line":146,"column":38},"end":{"line":146,"column":52}},"70":{"start":{"line":147,"column":6},"end":{"line":157,"column":null}},"71":{"start":{"line":148,"column":8},"end":{"line":148,"column":null}},"72":{"start":{"line":149,"column":8},"end":{"line":149,"column":null}},"73":{"start":{"line":151,"column":8},"end":{"line":151,"column":null}},"74":{"start":{"line":153,"column":8},"end":{"line":153,"column":null}},"75":{"start":{"line":153,"column":15},"end":{"line":153,"column":null}},"76":{"start":{"line":153,"column":32},"end":{"line":153,"column":44}},"77":{"start":{"line":154,"column":8},"end":{"line":154,"column":null}},"78":{"start":{"line":154,"column":30},"end":{"line":154,"column":null}},"79":{"start":{"line":154,"column":47},"end":{"line":154,"column":70}},"80":{"start":{"line":155,"column":8},"end":{"line":155,"column":null}},"81":{"start":{"line":155,"column":22},"end":{"line":155,"column":null}},"82":{"start":{"line":155,"column":39},"end":{"line":155,"column":66}},"83":{"start":{"line":156,"column":8},"end":{"line":156,"column":null}},"84":{"start":{"line":162,"column":22},"end":{"line":185,"column":null}},"85":{"start":{"line":164,"column":17},"end":{"line":164,"column":null}},"86":{"start":{"line":164,"column":33},"end":{"line":164,"column":44}},"87":{"start":{"line":165,"column":24},"end":{"line":165,"column":null}},"88":{"start":{"line":165,"column":42},"end":{"line":165,"column":60}},"89":{"start":{"line":166,"column":6},"end":{"line":166,"column":null}},"90":{"start":{"line":166,"column":23},"end":{"line":166,"column":52}},"91":{"start":{"line":166,"column":40},"end":{"line":166,"column":51}},"92":{"start":{"line":167,"column":6},"end":{"line":169,"column":null}},"93":{"start":{"line":168,"column":8},"end":{"line":168,"column":null}},"94":{"start":{"line":168,"column":23},"end":{"line":168,"column":73}},"95":{"start":{"line":170,"column":6},"end":{"line":182,"column":null}},"96":{"start":{"line":171,"column":8},"end":{"line":171,"column":null}},"97":{"start":{"line":172,"column":8},"end":{"line":172,"column":null}},"98":{"start":{"line":174,"column":8},"end":{"line":174,"column":null}},"99":{"start":{"line":176,"column":8},"end":{"line":176,"column":null}},"100":{"start":{"line":176,"column":16},"end":{"line":176,"column":null}},"101":{"start":{"line":176,"column":33},"end":{"line":176,"column":46}},"102":{"start":{"line":177,"column":8},"end":{"line":180,"column":null}},"103":{"start":{"line":177,"column":30},"end":{"line":180,"column":null}},"104":{"start":{"line":177,"column":47},"end":{"line":180,"column":10}},"105":{"start":{"line":178,"column":23},"end":{"line":178,"column":null}},"106":{"start":{"line":178,"column":44},"end":{"line":178,"column":58}},"107":{"start":{"line":179,"column":10},"end":{"line":179,"column":null}},"108":{"start":{"line":181,"column":8},"end":{"line":181,"column":null}},"109":{"start":{"line":187,"column":17},"end":{"line":201,"column":null}},"110":{"start":{"line":189,"column":19},"end":{"line":189,"column":null}},"111":{"start":{"line":189,"column":35},"end":{"line":189,"column":46}},"112":{"start":{"line":190,"column":6},"end":{"line":190,"column":null}},"113":{"start":{"line":190,"column":20},"end":{"line":190,"column":82}},"114":{"start":{"line":190,"column":35},"end":{"line":190,"column":80}},"115":{"start":{"line":191,"column":6},"end":{"line":198,"column":null}},"116":{"start":{"line":192,"column":8},"end":{"line":192,"column":null}},"117":{"start":{"line":192,"column":18},"end":{"line":192,"column":null}},"118":{"start":{"line":194,"column":8},"end":{"line":194,"column":null}},"119":{"start":{"line":196,"column":8},"end":{"line":196,"column":null}},"120":{"start":{"line":196,"column":18},"end":{"line":196,"column":null}},"121":{"start":{"line":196,"column":32},"end":{"line":196,"column":77}},"122":{"start":{"line":196,"column":47},"end":{"line":196,"column":75}},"123":{"start":{"line":197,"column":8},"end":{"line":197,"column":null}},"124":{"start":{"line":203,"column":24},"end":{"line":216,"column":null}},"125":{"start":{"line":205,"column":16},"end":{"line":205,"column":null}},"126":{"start":{"line":205,"column":32},"end":{"line":205,"column":43}},"127":{"start":{"line":206,"column":24},"end":{"line":206,"column":null}},"128":{"start":{"line":207,"column":6},"end":{"line":207,"column":null}},"129":{"start":{"line":208,"column":6},"end":{"line":213,"column":null}},"130":{"start":{"line":218,"column":26},"end":{"line":238,"column":null}},"131":{"start":{"line":220,"column":17},"end":{"line":220,"column":null}},"132":{"start":{"line":220,"column":33},"end":{"line":220,"column":44}},"133":{"start":{"line":221,"column":24},"end":{"line":221,"column":null}},"134":{"start":{"line":222,"column":6},"end":{"line":224,"column":null}},"135":{"start":{"line":223,"column":8},"end":{"line":223,"column":null}},"136":{"start":{"line":223,"column":23},"end":{"line":223,"column":68}},"137":{"start":{"line":225,"column":6},"end":{"line":235,"column":null}},"138":{"start":{"line":226,"column":8},"end":{"line":226,"column":null}},"139":{"start":{"line":227,"column":8},"end":{"line":232,"column":null}},"140":{"start":{"line":234,"column":8},"end":{"line":234,"column":null}},"141":{"start":{"line":240,"column":2},"end":{"line":248,"column":null}}},"fnMap":{"0":{"name":"(anonymous_0)","decl":{"start":{"line":14,"column":33},"end":{"line":14,"column":34}},"loc":{"start":{"line":35,"column":6},"end":{"line":249,"column":null}},"line":35},"1":{"name":"(anonymous_1)","decl":{"start":{"line":37,"column":4},"end":{"line":37,"column":9}},"loc":{"start":{"line":37,"column":48},"end":{"line":101,"column":5}},"line":37},"2":{"name":"(anonymous_2)","decl":{"start":{"line":39,"column":52},"end":{"line":39,"column":53}},"loc":{"start":{"line":39,"column":57},"end":{"line":39,"column":74}},"line":39},"3":{"name":"(anonymous_3)","decl":{"start":{"line":56,"column":15},"end":{"line":56,"column":16}},"loc":{"start":{"line":56,"column":20},"end":{"line":56,"column":35}},"line":56},"4":{"name":"(anonymous_4)","decl":{"start":{"line":57,"column":14},"end":{"line":57,"column":15}},"loc":{"start":{"line":57,"column":20},"end":{"line":57,"column":44}},"line":57},"5":{"name":"(anonymous_5)","decl":{"start":{"line":58,"column":46},"end":{"line":58,"column":47}},"loc":{"start":{"line":58,"column":57},"end":{"line":76,"column":7}},"line":58},"6":{"name":"(anonymous_6)","decl":{"start":{"line":77,"column":36},"end":{"line":77,"column":40}},"loc":{"start":{"line":77,"column":44},"end":{"line":77,"column":66}},"line":77},"7":{"name":"(anonymous_7)","decl":{"start":{"line":82,"column":59},"end":{"line":82,"column":60}},"loc":{"start":{"line":82,"column":65},"end":{"line":82,"column":67}},"line":82},"8":{"name":"(anonymous_8)","decl":{"start":{"line":83,"column":26},"end":{"line":83,"column":30}},"loc":{"start":{"line":83,"column":35},"end":{"line":83,"column":61}},"line":83},"9":{"name":"(anonymous_9)","decl":{"start":{"line":96,"column":17},"end":{"line":96,"column":18}},"loc":{"start":{"line":96,"column":22},"end":{"line":96,"column":54}},"line":96},"10":{"name":"(anonymous_10)","decl":{"start":{"line":96,"column":31},"end":{"line":96,"column":35}},"loc":{"start":{"line":96,"column":39},"end":{"line":96,"column":53}},"line":96},"11":{"name":"(anonymous_11)","decl":{"start":{"line":97,"column":16},"end":{"line":97,"column":17}},"loc":{"start":{"line":97,"column":21},"end":{"line":97,"column":67}},"line":97},"12":{"name":"(anonymous_12)","decl":{"start":{"line":98,"column":38},"end":{"line":98,"column":42}},"loc":{"start":{"line":98,"column":46},"end":{"line":98,"column":76}},"line":98},"13":{"name":"(anonymous_13)","decl":{"start":{"line":98,"column":58},"end":{"line":98,"column":59}},"loc":{"start":{"line":98,"column":63},"end":{"line":98,"column":75}},"line":98},"14":{"name":"(anonymous_14)","decl":{"start":{"line":124,"column":4},"end":{"line":124,"column":9}},"loc":{"start":{"line":124,"column":33},"end":{"line":134,"column":5}},"line":124},"15":{"name":"(anonymous_15)","decl":{"start":{"line":126,"column":15},"end":{"line":126,"column":16}},"loc":{"start":{"line":126,"column":20},"end":{"line":126,"column":35}},"line":126},"16":{"name":"(anonymous_16)","decl":{"start":{"line":139,"column":4},"end":{"line":139,"column":9}},"loc":{"start":{"line":139,"column":18},"end":{"line":158,"column":5}},"line":139},"17":{"name":"(anonymous_17)","decl":{"start":{"line":140,"column":27},"end":{"line":140,"column":31}},"loc":{"start":{"line":140,"column":35},"end":{"line":140,"column":49}},"line":140},"18":{"name":"(anonymous_18)","decl":{"start":{"line":141,"column":37},"end":{"line":141,"column":38}},"loc":{"start":{"line":141,"column":42},"end":{"line":141,"column":54}},"line":141},"19":{"name":"(anonymous_19)","decl":{"start":{"line":143,"column":15},"end":{"line":143,"column":19}},"loc":{"start":{"line":143,"column":23},"end":{"line":143,"column":58}},"line":143},"20":{"name":"(anonymous_20)","decl":{"start":{"line":143,"column":35},"end":{"line":143,"column":39}},"loc":{"start":{"line":143,"column":43},"end":{"line":143,"column":57}},"line":143},"21":{"name":"(anonymous_21)","decl":{"start":{"line":144,"column":15},"end":{"line":144,"column":19}},"loc":{"start":{"line":144,"column":23},"end":{"line":144,"column":53}},"line":144},"22":{"name":"(anonymous_22)","decl":{"start":{"line":144,"column":35},"end":{"line":144,"column":36}},"loc":{"start":{"line":144,"column":40},"end":{"line":144,"column":52}},"line":144},"23":{"name":"(anonymous_23)","decl":{"start":{"line":145,"column":14},"end":{"line":145,"column":18}},"loc":{"start":{"line":145,"column":22},"end":{"line":145,"column":71}},"line":145},"24":{"name":"(anonymous_24)","decl":{"start":{"line":153,"column":24},"end":{"line":153,"column":28}},"loc":{"start":{"line":153,"column":32},"end":{"line":153,"column":44}},"line":153},"25":{"name":"(anonymous_25)","decl":{"start":{"line":154,"column":39},"end":{"line":154,"column":43}},"loc":{"start":{"line":154,"column":47},"end":{"line":154,"column":70}},"line":154},"26":{"name":"(anonymous_26)","decl":{"start":{"line":155,"column":30},"end":{"line":155,"column":34}},"loc":{"start":{"line":155,"column":39},"end":{"line":155,"column":66}},"line":155},"27":{"name":"(anonymous_27)","decl":{"start":{"line":163,"column":4},"end":{"line":163,"column":9}},"loc":{"start":{"line":163,"column":18},"end":{"line":183,"column":5}},"line":163},"28":{"name":"(anonymous_28)","decl":{"start":{"line":164,"column":28},"end":{"line":164,"column":29}},"loc":{"start":{"line":164,"column":33},"end":{"line":164,"column":44}},"line":164},"29":{"name":"(anonymous_29)","decl":{"start":{"line":165,"column":37},"end":{"line":165,"column":38}},"loc":{"start":{"line":165,"column":42},"end":{"line":165,"column":60}},"line":165},"30":{"name":"(anonymous_30)","decl":{"start":{"line":166,"column":15},"end":{"line":166,"column":19}},"loc":{"start":{"line":166,"column":23},"end":{"line":166,"column":52}},"line":166},"31":{"name":"(anonymous_31)","decl":{"start":{"line":166,"column":35},"end":{"line":166,"column":36}},"loc":{"start":{"line":166,"column":40},"end":{"line":166,"column":51}},"line":166},"32":{"name":"(anonymous_32)","decl":{"start":{"line":167,"column":15},"end":{"line":167,"column":19}},"loc":{"start":{"line":168,"column":8},"end":{"line":168,"column":null}},"line":168},"33":{"name":"(anonymous_33)","decl":{"start":{"line":168,"column":17},"end":{"line":168,"column":18}},"loc":{"start":{"line":168,"column":23},"end":{"line":168,"column":73}},"line":168},"34":{"name":"(anonymous_34)","decl":{"start":{"line":176,"column":25},"end":{"line":176,"column":29}},"loc":{"start":{"line":176,"column":33},"end":{"line":176,"column":46}},"line":176},"35":{"name":"(anonymous_35)","decl":{"start":{"line":177,"column":39},"end":{"line":177,"column":43}},"loc":{"start":{"line":177,"column":47},"end":{"line":180,"column":10}},"line":177},"36":{"name":"(anonymous_36)","decl":{"start":{"line":177,"column":56},"end":{"line":177,"column":57}},"loc":{"start":{"line":177,"column":61},"end":{"line":180,"column":9}},"line":177},"37":{"name":"(anonymous_37)","decl":{"start":{"line":178,"column":38},"end":{"line":178,"column":40}},"loc":{"start":{"line":178,"column":44},"end":{"line":178,"column":58}},"line":178},"38":{"name":"(anonymous_38)","decl":{"start":{"line":188,"column":4},"end":{"line":188,"column":9}},"loc":{"start":{"line":188,"column":25},"end":{"line":199,"column":5}},"line":188},"39":{"name":"(anonymous_39)","decl":{"start":{"line":189,"column":30},"end":{"line":189,"column":31}},"loc":{"start":{"line":189,"column":35},"end":{"line":189,"column":46}},"line":189},"40":{"name":"(anonymous_40)","decl":{"start":{"line":190,"column":15},"end":{"line":190,"column":16}},"loc":{"start":{"line":190,"column":20},"end":{"line":190,"column":82}},"line":190},"41":{"name":"(anonymous_41)","decl":{"start":{"line":190,"column":26},"end":{"line":190,"column":30}},"loc":{"start":{"line":190,"column":35},"end":{"line":190,"column":80}},"line":190},"42":{"name":"(anonymous_42)","decl":{"start":{"line":196,"column":27},"end":{"line":196,"column":28}},"loc":{"start":{"line":196,"column":32},"end":{"line":196,"column":77}},"line":196},"43":{"name":"(anonymous_43)","decl":{"start":{"line":196,"column":38},"end":{"line":196,"column":42}},"loc":{"start":{"line":196,"column":47},"end":{"line":196,"column":75}},"line":196},"44":{"name":"(anonymous_44)","decl":{"start":{"line":204,"column":4},"end":{"line":204,"column":9}},"loc":{"start":{"line":204,"column":18},"end":{"line":214,"column":5}},"line":204},"45":{"name":"(anonymous_45)","decl":{"start":{"line":205,"column":27},"end":{"line":205,"column":28}},"loc":{"start":{"line":205,"column":32},"end":{"line":205,"column":43}},"line":205},"46":{"name":"(anonymous_46)","decl":{"start":{"line":219,"column":4},"end":{"line":219,"column":9}},"loc":{"start":{"line":219,"column":18},"end":{"line":236,"column":5}},"line":219},"47":{"name":"(anonymous_47)","decl":{"start":{"line":220,"column":28},"end":{"line":220,"column":29}},"loc":{"start":{"line":220,"column":33},"end":{"line":220,"column":44}},"line":220},"48":{"name":"(anonymous_48)","decl":{"start":{"line":222,"column":15},"end":{"line":222,"column":19}},"loc":{"start":{"line":223,"column":8},"end":{"line":223,"column":null}},"line":223},"49":{"name":"(anonymous_49)","decl":{"start":{"line":223,"column":17},"end":{"line":223,"column":18}},"loc":{"start":{"line":223,"column":23},"end":{"line":223,"column":68}},"line":223}},"branchMap":{"0":{"loc":{"start":{"line":39,"column":18},"end":{"line":39,"column":null}},"type":"cond-expr","locations":[{"start":{"line":39,"column":29},"end":{"line":39,"column":75}},{"start":{"line":39,"column":78},"end":{"line":39,"column":null}}],"line":39},"1":{"loc":{"start":{"line":40,"column":23},"end":{"line":40,"column":null}},"type":"binary-expr","locations":[{"start":{"line":40,"column":23},"end":{"line":40,"column":36}},{"start":{"line":40,"column":40},"end":{"line":40,"column":null}}],"line":40},"2":{"loc":{"start":{"line":49,"column":21},"end":{"line":49,"column":43}},"type":"binary-expr","locations":[{"start":{"line":49,"column":21},"end":{"line":49,"column":37}},{"start":{"line":49,"column":41},"end":{"line":49,"column":43}}],"line":49},"3":{"loc":{"start":{"line":51,"column":22},"end":{"line":51,"column":45}},"type":"binary-expr","locations":[{"start":{"line":51,"column":22},"end":{"line":51,"column":39}},{"start":{"line":51,"column":43},"end":{"line":51,"column":45}}],"line":51},"4":{"loc":{"start":{"line":52,"column":15},"end":{"line":52,"column":31}},"type":"binary-expr","locations":[{"start":{"line":52,"column":15},"end":{"line":52,"column":25}},{"start":{"line":52,"column":29},"end":{"line":52,"column":31}}],"line":52},"5":{"loc":{"start":{"line":53,"column":15},"end":{"line":53,"column":31}},"type":"binary-expr","locations":[{"start":{"line":53,"column":15},"end":{"line":53,"column":25}},{"start":{"line":53,"column":29},"end":{"line":53,"column":31}}],"line":53},"6":{"loc":{"start":{"line":54,"column":15},"end":{"line":54,"column":31}},"type":"binary-expr","locations":[{"start":{"line":54,"column":15},"end":{"line":54,"column":25}},{"start":{"line":54,"column":29},"end":{"line":54,"column":31}}],"line":54},"7":{"loc":{"start":{"line":58,"column":24},"end":{"line":58,"column":40}},"type":"binary-expr","locations":[{"start":{"line":58,"column":24},"end":{"line":58,"column":34}},{"start":{"line":58,"column":38},"end":{"line":58,"column":40}}],"line":58},"8":{"loc":{"start":{"line":66,"column":13},"end":{"line":66,"column":30}},"type":"binary-expr","locations":[{"start":{"line":66,"column":13},"end":{"line":66,"column":18}},{"start":{"line":66,"column":22},"end":{"line":66,"column":30}}],"line":66},"9":{"loc":{"start":{"line":67,"column":14},"end":{"line":67,"column":26}},"type":"binary-expr","locations":[{"start":{"line":67,"column":14},"end":{"line":67,"column":20}},{"start":{"line":67,"column":24},"end":{"line":67,"column":26}}],"line":67},"10":{"loc":{"start":{"line":77,"column":6},"end":{"line":77,"column":null}},"type":"if","locations":[{"start":{"line":77,"column":6},"end":{"line":77,"column":null}},{"start":{},"end":{}}],"line":77},"11":{"loc":{"start":{"line":98,"column":8},"end":{"line":98,"column":null}},"type":"if","locations":[{"start":{"line":98,"column":8},"end":{"line":98,"column":null}},{"start":{},"end":{}}],"line":98},"12":{"loc":{"start":{"line":146,"column":6},"end":{"line":146,"column":null}},"type":"if","locations":[{"start":{"line":146,"column":6},"end":{"line":146,"column":null}},{"start":{},"end":{}}],"line":146},"13":{"loc":{"start":{"line":149,"column":28},"end":{"line":149,"column":48}},"type":"binary-expr","locations":[{"start":{"line":149,"column":28},"end":{"line":149,"column":35}},{"start":{"line":149,"column":39},"end":{"line":149,"column":48}}],"line":149},"14":{"loc":{"start":{"line":153,"column":8},"end":{"line":153,"column":null}},"type":"if","locations":[{"start":{"line":153,"column":8},"end":{"line":153,"column":null}},{"start":{},"end":{}}],"line":153},"15":{"loc":{"start":{"line":154,"column":8},"end":{"line":154,"column":null}},"type":"if","locations":[{"start":{"line":154,"column":8},"end":{"line":154,"column":null}},{"start":{},"end":{}}],"line":154},"16":{"loc":{"start":{"line":155,"column":8},"end":{"line":155,"column":null}},"type":"if","locations":[{"start":{"line":155,"column":8},"end":{"line":155,"column":null}},{"start":{},"end":{}}],"line":155},"17":{"loc":{"start":{"line":168,"column":23},"end":{"line":168,"column":73}},"type":"cond-expr","locations":[{"start":{"line":168,"column":44},"end":{"line":168,"column":69}},{"start":{"line":168,"column":72},"end":{"line":168,"column":73}}],"line":168},"18":{"loc":{"start":{"line":172,"column":28},"end":{"line":172,"column":51}},"type":"binary-expr","locations":[{"start":{"line":172,"column":28},"end":{"line":172,"column":36}},{"start":{"line":172,"column":40},"end":{"line":172,"column":51}}],"line":172},"19":{"loc":{"start":{"line":176,"column":8},"end":{"line":176,"column":null}},"type":"if","locations":[{"start":{"line":176,"column":8},"end":{"line":176,"column":null}},{"start":{},"end":{}}],"line":176},"20":{"loc":{"start":{"line":177,"column":8},"end":{"line":180,"column":null}},"type":"if","locations":[{"start":{"line":177,"column":8},"end":{"line":180,"column":null}},{"start":{},"end":{}}],"line":177},"21":{"loc":{"start":{"line":179,"column":17},"end":{"line":179,"column":null}},"type":"cond-expr","locations":[{"start":{"line":179,"column":24},"end":{"line":179,"column":47}},{"start":{"line":179,"column":50},"end":{"line":179,"column":null}}],"line":179},"22":{"loc":{"start":{"line":190,"column":35},"end":{"line":190,"column":80}},"type":"cond-expr","locations":[{"start":{"line":190,"column":52},"end":{"line":190,"column":73}},{"start":{"line":190,"column":76},"end":{"line":190,"column":80}}],"line":190},"23":{"loc":{"start":{"line":192,"column":8},"end":{"line":192,"column":null}},"type":"if","locations":[{"start":{"line":192,"column":8},"end":{"line":192,"column":null}},{"start":{},"end":{}}],"line":192},"24":{"loc":{"start":{"line":196,"column":8},"end":{"line":196,"column":null}},"type":"if","locations":[{"start":{"line":196,"column":8},"end":{"line":196,"column":null}},{"start":{},"end":{}}],"line":196},"25":{"loc":{"start":{"line":196,"column":47},"end":{"line":196,"column":75}},"type":"cond-expr","locations":[{"start":{"line":196,"column":64},"end":{"line":196,"column":68}},{"start":{"line":196,"column":71},"end":{"line":196,"column":75}}],"line":196},"26":{"loc":{"start":{"line":206,"column":24},"end":{"line":206,"column":null}},"type":"cond-expr","locations":[{"start":{"line":206,"column":51},"end":{"line":206,"column":59}},{"start":{"line":206,"column":62},"end":{"line":206,"column":null}}],"line":206},"27":{"loc":{"start":{"line":209,"column":8},"end":{"line":211,"column":37}},"type":"cond-expr","locations":[{"start":{"line":210,"column":12},"end":{"line":210,"column":null}},{"start":{"line":211,"column":12},"end":{"line":211,"column":37}}],"line":209},"28":{"loc":{"start":{"line":221,"column":24},"end":{"line":221,"column":null}},"type":"cond-expr","locations":[{"start":{"line":221,"column":52},"end":{"line":221,"column":60}},{"start":{"line":221,"column":63},"end":{"line":221,"column":null}}],"line":221},"29":{"loc":{"start":{"line":223,"column":23},"end":{"line":223,"column":68}},"type":"cond-expr","locations":[{"start":{"line":223,"column":37},"end":{"line":223,"column":64}},{"start":{"line":223,"column":67},"end":{"line":223,"column":68}}],"line":223},"30":{"loc":{"start":{"line":228,"column":10},"end":{"line":230,"column":40}},"type":"cond-expr","locations":[{"start":{"line":229,"column":14},"end":{"line":229,"column":null}},{"start":{"line":230,"column":14},"end":{"line":230,"column":40}}],"line":228}},"s":{"0":1,"1":12,"2":3,"3":3,"4":1,"5":3,"6":3,"7":3,"8":3,"9":3,"10":3,"11":3,"12":1,"13":3,"14":1,"15":1,"16":3,"17":3,"18":3,"19":3,"20":2,"21":2,"22":0,"23":2,"24":2,"25":2,"26":1,"27":2,"28":2,"29":1,"30":1,"31":1,"32":1,"33":1,"34":1,"35":1,"36":1,"37":1,"38":0,"39":0,"40":0,"41":1,"42":12,"43":2,"44":2,"45":2,"46":2,"47":2,"48":1,"49":1,"50":1,"51":12,"52":2,"53":2,"54":2,"55":2,"56":2,"57":2,"58":2,"59":2,"60":2,"61":2,"62":2,"63":2,"64":2,"65":2,"66":2,"67":2,"68":2,"69":2,"70":2,"71":2,"72":1,"73":1,"74":1,"75":1,"76":1,"77":1,"78":1,"79":1,"80":1,"81":1,"82":1,"83":1,"84":12,"85":2,"86":2,"87":2,"88":2,"89":2,"90":2,"91":2,"92":2,"93":3,"94":3,"95":2,"96":2,"97":1,"98":1,"99":1,"100":1,"101":1,"102":1,"103":0,"104":0,"105":0,"106":0,"107":0,"108":1,"109":12,"110":2,"111":2,"112":2,"113":3,"114":3,"115":2,"116":2,"117":2,"118":1,"119":1,"120":1,"121":1,"122":1,"123":1,"124":12,"125":0,"126":0,"127":0,"128":0,"129":0,"130":12,"131":1,"132":1,"133":1,"134":1,"135":1,"136":1,"137":1,"138":1,"139":1,"140":0,"141":12},"f":{"0":12,"1":3,"2":1,"3":3,"4":3,"5":1,"6":1,"7":0,"8":0,"9":1,"10":1,"11":1,"12":0,"13":0,"14":2,"15":2,"16":2,"17":2,"18":2,"19":2,"20":2,"21":2,"22":2,"23":2,"24":1,"25":1,"26":1,"27":2,"28":2,"29":2,"30":2,"31":2,"32":3,"33":3,"34":1,"35":0,"36":0,"37":0,"38":2,"39":2,"40":3,"41":3,"42":1,"43":1,"44":0,"45":0,"46":1,"47":1,"48":1,"49":1},"b":{"0":[1,2],"1":[3,2],"2":[3,2],"3":[3,3],"4":[3,3],"5":[3,3],"6":[3,3],"7":[3,2],"8":[1,0],"9":[1,0],"10":[1,2],"11":[0,1],"12":[2,0],"13":[1,0],"14":[1,0],"15":[1,0],"16":[1,0],"17":[2,1],"18":[1,0],"19":[1,0],"20":[0,1],"21":[0,0],"22":[3,0],"23":[2,0],"24":[1,0],"25":[1,0],"26":[0,0],"27":[0,0],"28":[0,1],"29":[1,0],"30":[1,0]},"meta":{"lastBranch":31,"lastFunction":50,"lastStatement":142,"seen":{"s:14:33:249:Infinity":0,"f:14:33:14:34":0,"s:36:20:121:Infinity":1,"f:37:4:37:9":1,"s:38:17:38:Infinity":2,"s:39:18:39:Infinity":3,"b:39:29:39:75:39:78:39:Infinity":0,"f:39:52:39:53":2,"s:39:57:39:74":4,"s:40:23:40:Infinity":5,"b:40:23:40:36:40:40:40:Infinity":1,"s:41:22:55:Infinity":6,"b:49:21:49:37:49:41:49:43":2,"b:51:22:51:39:51:43:51:45":3,"b:52:15:52:25:52:29:52:31":4,"b:53:15:53:25:53:29:53:31":5,"b:54:15:54:25:54:29:54:31":6,"s:56:6:56:Infinity":7,"f:56:15:56:16":3,"s:56:20:56:35":8,"s:57:6:57:Infinity":9,"f:57:14:57:15":4,"s:57:20:57:44":10,"s:58:23:76:Infinity":11,"b:58:24:58:34:58:38:58:40":7,"f:58:46:58:47":5,"s:58:57:76:7":12,"b:66:13:66:18:66:22:66:30":8,"b:67:14:67:20:67:24:67:26":9,"b:77:6:77:Infinity:undefined:undefined:undefined:undefined":10,"s:77:6:77:Infinity":13,"s:77:27:77:Infinity":14,"f:77:36:77:40":6,"s:77:44:77:66":15,"s:78:6:78:Infinity":16,"s:79:6:79:Infinity":17,"s:80:6:100:Infinity":18,"s:81:8:81:Infinity":19,"s:82:8:82:Infinity":20,"f:82:59:82:60":7,"s:83:8:83:Infinity":21,"f:83:26:83:30":8,"s:83:35:83:61":22,"s:84:8:84:Infinity":23,"s:85:8:85:Infinity":24,"s:86:8:86:Infinity":25,"s:86:35:86:Infinity":26,"s:87:8:87:Infinity":27,"s:88:8:92:Infinity":28,"s:94:8:94:Infinity":29,"s:96:8:96:Infinity":30,"f:96:17:96:18":9,"s:96:22:96:54":31,"f:96:31:96:35":10,"s:96:39:96:53":32,"s:97:8:97:Infinity":33,"f:97:16:97:17":11,"s:97:33:97:41":34,"s:97:43:97:56":35,"s:97:57:97:65":36,"b:98:8:98:Infinity:undefined:undefined:undefined:undefined":11,"s:98:8:98:Infinity":37,"s:98:29:98:Infinity":38,"f:98:38:98:42":12,"s:98:46:98:76":39,"f:98:58:98:59":13,"s:98:63:98:75":40,"s:99:8:99:Infinity":41,"s:123:22:136:Infinity":42,"f:124:4:124:9":14,"s:125:22:125:Infinity":43,"s:126:6:126:Infinity":44,"f:126:15:126:16":15,"s:126:20:126:35":45,"s:127:6:133:Infinity":46,"s:128:8:128:Infinity":47,"s:129:8:129:Infinity":48,"s:131:8:131:Infinity":49,"s:132:8:132:Infinity":50,"s:138:20:160:Infinity":51,"f:139:4:139:9":16,"s:140:16:140:Infinity":52,"f:140:27:140:31":17,"s:140:35:140:49":53,"s:141:24:141:Infinity":54,"f:141:37:141:38":18,"s:141:42:141:54":55,"s:142:23:142:Infinity":56,"s:143:6:143:Infinity":57,"f:143:15:143:19":19,"s:143:23:143:58":58,"f:143:35:143:39":20,"s:143:43:143:57":59,"s:144:6:144:Infinity":60,"f:144:15:144:19":21,"s:144:23:144:53":61,"f:144:35:144:36":22,"s:144:40:144:52":62,"s:145:6:145:Infinity":63,"f:145:14:145:18":23,"s:145:34:145:45":64,"s:145:47:145:60":65,"s:145:61:145:69":66,"b:146:6:146:Infinity:undefined:undefined:undefined:undefined":12,"s:146:6:146:Infinity":67,"s:146:24:146:37":68,"s:146:38:146:52":69,"s:147:6:157:Infinity":70,"s:148:8:148:Infinity":71,"s:149:8:149:Infinity":72,"b:149:28:149:35:149:39:149:48":13,"s:151:8:151:Infinity":73,"b:153:8:153:Infinity:undefined:undefined:undefined:undefined":14,"s:153:8:153:Infinity":74,"s:153:15:153:Infinity":75,"f:153:24:153:28":24,"s:153:32:153:44":76,"b:154:8:154:Infinity:undefined:undefined:undefined:undefined":15,"s:154:8:154:Infinity":77,"s:154:30:154:Infinity":78,"f:154:39:154:43":25,"s:154:47:154:70":79,"b:155:8:155:Infinity:undefined:undefined:undefined:undefined":16,"s:155:8:155:Infinity":80,"s:155:22:155:Infinity":81,"f:155:30:155:34":26,"s:155:39:155:66":82,"s:156:8:156:Infinity":83,"s:162:22:185:Infinity":84,"f:163:4:163:9":27,"s:164:17:164:Infinity":85,"f:164:28:164:29":28,"s:164:33:164:44":86,"s:165:24:165:Infinity":87,"f:165:37:165:38":29,"s:165:42:165:60":88,"s:166:6:166:Infinity":89,"f:166:15:166:19":30,"s:166:23:166:52":90,"f:166:35:166:36":31,"s:166:40:166:51":91,"s:167:6:169:Infinity":92,"f:167:15:167:19":32,"s:168:8:168:Infinity":93,"f:168:17:168:18":33,"s:168:23:168:73":94,"b:168:44:168:69:168:72:168:73":17,"s:170:6:182:Infinity":95,"s:171:8:171:Infinity":96,"s:172:8:172:Infinity":97,"b:172:28:172:36:172:40:172:51":18,"s:174:8:174:Infinity":98,"b:176:8:176:Infinity:undefined:undefined:undefined:undefined":19,"s:176:8:176:Infinity":99,"s:176:16:176:Infinity":100,"f:176:25:176:29":34,"s:176:33:176:46":101,"b:177:8:180:Infinity:undefined:undefined:undefined:undefined":20,"s:177:8:180:Infinity":102,"s:177:30:180:Infinity":103,"f:177:39:177:43":35,"s:177:47:180:10":104,"f:177:56:177:57":36,"s:178:23:178:Infinity":105,"f:178:38:178:40":37,"s:178:44:178:58":106,"s:179:10:179:Infinity":107,"b:179:24:179:47:179:50:179:Infinity":21,"s:181:8:181:Infinity":108,"s:187:17:201:Infinity":109,"f:188:4:188:9":38,"s:189:19:189:Infinity":110,"f:189:30:189:31":39,"s:189:35:189:46":111,"s:190:6:190:Infinity":112,"f:190:15:190:16":40,"s:190:20:190:82":113,"f:190:26:190:30":41,"s:190:35:190:80":114,"b:190:52:190:73:190:76:190:80":22,"s:191:6:198:Infinity":115,"b:192:8:192:Infinity:undefined:undefined:undefined:undefined":23,"s:192:8:192:Infinity":116,"s:192:18:192:Infinity":117,"s:194:8:194:Infinity":118,"b:196:8:196:Infinity:undefined:undefined:undefined:undefined":24,"s:196:8:196:Infinity":119,"s:196:18:196:Infinity":120,"f:196:27:196:28":42,"s:196:32:196:77":121,"f:196:38:196:42":43,"s:196:47:196:75":122,"b:196:64:196:68:196:71:196:75":25,"s:197:8:197:Infinity":123,"s:203:24:216:Infinity":124,"f:204:4:204:9":44,"s:205:16:205:Infinity":125,"f:205:27:205:28":45,"s:205:32:205:43":126,"s:206:24:206:Infinity":127,"b:206:51:206:59:206:62:206:Infinity":26,"s:207:6:207:Infinity":128,"s:208:6:213:Infinity":129,"b:210:12:210:Infinity:211:12:211:37":27,"s:218:26:238:Infinity":130,"f:219:4:219:9":46,"s:220:17:220:Infinity":131,"f:220:28:220:29":47,"s:220:33:220:44":132,"s:221:24:221:Infinity":133,"b:221:52:221:60:221:63:221:Infinity":28,"s:222:6:224:Infinity":134,"f:222:15:222:19":48,"s:223:8:223:Infinity":135,"f:223:17:223:18":49,"s:223:23:223:68":136,"b:223:37:223:64:223:67:223:68":29,"s:225:6:235:Infinity":137,"s:226:8:226:Infinity":138,"s:227:8:232:Infinity":139,"b:229:14:229:Infinity:230:14:230:40":30,"s:234:8:234:Infinity":140,"s:240:2:248:Infinity":141}}}
,"/sessions/kind-zen-gates/mnt/taskflow/src/hooks/useRuleEngine.js": {"path":"/sessions/kind-zen-gates/mnt/taskflow/src/hooks/useRuleEngine.js","statementMap":{"0":{"start":{"line":33,"column":30},"end":{"line":33,"column":31}},"1":{"start":{"line":34,"column":31},"end":{"line":34,"column":34}},"2":{"start":{"line":35,"column":34},"end":{"line":35,"column":36}},"3":{"start":{"line":38,"column":26},"end":{"line":38,"column":null}},"4":{"start":{"line":39,"column":18},"end":{"line":39,"column":28}},"5":{"start":{"line":40,"column":26},"end":{"line":40,"column":36}},"6":{"start":{"line":41,"column":24},"end":{"line":41,"column":42}},"7":{"start":{"line":45,"column":23},"end":{"line":120,"column":null}},"8":{"start":{"line":46,"column":4},"end":{"line":46,"column":null}},"9":{"start":{"line":46,"column":26},"end":{"line":46,"column":null}},"10":{"start":{"line":48,"column":4},"end":{"line":119,"column":null}},"11":{"start":{"line":50,"column":8},"end":{"line":52,"column":null}},"12":{"start":{"line":51,"column":10},"end":{"line":51,"column":null}},"13":{"start":{"line":53,"column":8},"end":{"line":53,"column":null}},"14":{"start":{"line":56,"column":20},"end":{"line":58,"column":null}},"15":{"start":{"line":59,"column":8},"end":{"line":59,"column":null}},"16":{"start":{"line":60,"column":8},"end":{"line":65,"column":null}},"17":{"start":{"line":66,"column":8},"end":{"line":66,"column":null}},"18":{"start":{"line":70,"column":8},"end":{"line":72,"column":null}},"19":{"start":{"line":71,"column":10},"end":{"line":71,"column":null}},"20":{"start":{"line":73,"column":8},"end":{"line":73,"column":null}},"21":{"start":{"line":76,"column":8},"end":{"line":78,"column":null}},"22":{"start":{"line":77,"column":10},"end":{"line":77,"column":null}},"23":{"start":{"line":79,"column":8},"end":{"line":79,"column":null}},"24":{"start":{"line":82,"column":8},"end":{"line":84,"column":null}},"25":{"start":{"line":83,"column":10},"end":{"line":83,"column":null}},"26":{"start":{"line":85,"column":8},"end":{"line":85,"column":null}},"27":{"start":{"line":88,"column":20},"end":{"line":88,"column":null}},"28":{"start":{"line":89,"column":8},"end":{"line":94,"column":null}},"29":{"start":{"line":90,"column":26},"end":{"line":90,"column":null}},"30":{"start":{"line":91,"column":10},"end":{"line":93,"column":null}},"31":{"start":{"line":92,"column":12},"end":{"line":92,"column":null}},"32":{"start":{"line":95,"column":8},"end":{"line":95,"column":null}},"33":{"start":{"line":99,"column":27},"end":{"line":99,"column":null}},"34":{"start":{"line":100,"column":8},"end":{"line":104,"column":null}},"35":{"start":{"line":101,"column":20},"end":{"line":101,"column":null}},"36":{"start":{"line":102,"column":10},"end":{"line":102,"column":null}},"37":{"start":{"line":103,"column":10},"end":{"line":103,"column":null}},"38":{"start":{"line":105,"column":8},"end":{"line":105,"column":null}},"39":{"start":{"line":109,"column":22},"end":{"line":109,"column":null}},"40":{"start":{"line":110,"column":8},"end":{"line":113,"column":null}},"41":{"start":{"line":111,"column":23},"end":{"line":111,"column":null}},"42":{"start":{"line":112,"column":10},"end":{"line":112,"column":null}},"43":{"start":{"line":114,"column":8},"end":{"line":114,"column":null}},"44":{"start":{"line":118,"column":8},"end":{"line":118,"column":null}},"45":{"start":{"line":124,"column":28},"end":{"line":129,"column":null}},"46":{"start":{"line":125,"column":20},"end":{"line":125,"column":null}},"47":{"start":{"line":126,"column":4},"end":{"line":128,"column":null}},"48":{"start":{"line":127,"column":6},"end":{"line":127,"column":null}},"49":{"start":{"line":133,"column":27},"end":{"line":149,"column":null}},"50":{"start":{"line":134,"column":4},"end":{"line":134,"column":null}},"51":{"start":{"line":134,"column":29},"end":{"line":134,"column":null}},"52":{"start":{"line":135,"column":4},"end":{"line":148,"column":null}},"53":{"start":{"line":136,"column":6},"end":{"line":147,"column":null}},"54":{"start":{"line":138,"column":10},"end":{"line":138,"column":null}},"55":{"start":{"line":140,"column":10},"end":{"line":140,"column":null}},"56":{"start":{"line":142,"column":10},"end":{"line":142,"column":null}},"57":{"start":{"line":144,"column":10},"end":{"line":144,"column":null}},"58":{"start":{"line":146,"column":10},"end":{"line":146,"column":null}},"59":{"start":{"line":153,"column":25},"end":{"line":156,"column":null}},"60":{"start":{"line":154,"column":17},"end":{"line":154,"column":null}},"61":{"start":{"line":154,"column":36},"end":{"line":154,"column":48}},"62":{"start":{"line":155,"column":4},"end":{"line":155,"column":null}},"63":{"start":{"line":155,"column":43},"end":{"line":155,"column":52}},"64":{"start":{"line":160,"column":28},"end":{"line":273,"column":null}},"65":{"start":{"line":161,"column":4},"end":{"line":161,"column":null}},"66":{"start":{"line":161,"column":19},"end":{"line":161,"column":null}},"67":{"start":{"line":164,"column":4},"end":{"line":164,"column":null}},"68":{"start":{"line":164,"column":44},"end":{"line":164,"column":null}},"69":{"start":{"line":166,"column":4},"end":{"line":166,"column":null}},"70":{"start":{"line":166,"column":56},"end":{"line":166,"column":null}},"71":{"start":{"line":168,"column":18},"end":{"line":168,"column":null}},"72":{"start":{"line":169,"column":4},"end":{"line":169,"column":null}},"73":{"start":{"line":169,"column":23},"end":{"line":169,"column":null}},"74":{"start":{"line":171,"column":24},"end":{"line":171,"column":null}},"75":{"start":{"line":173,"column":4},"end":{"line":260,"column":null}},"76":{"start":{"line":175,"column":6},"end":{"line":175,"column":null}},"77":{"start":{"line":175,"column":58},"end":{"line":175,"column":null}},"78":{"start":{"line":177,"column":26},"end":{"line":177,"column":null}},"79":{"start":{"line":178,"column":23},"end":{"line":178,"column":null}},"80":{"start":{"line":180,"column":6},"end":{"line":241,"column":null}},"81":{"start":{"line":182,"column":10},"end":{"line":186,"column":null}},"82":{"start":{"line":183,"column":12},"end":{"line":185,"column":null}},"83":{"start":{"line":184,"column":14},"end":{"line":184,"column":null}},"84":{"start":{"line":187,"column":10},"end":{"line":187,"column":null}},"85":{"start":{"line":190,"column":10},"end":{"line":192,"column":null}},"86":{"start":{"line":191,"column":12},"end":{"line":191,"column":null}},"87":{"start":{"line":193,"column":10},"end":{"line":193,"column":null}},"88":{"start":{"line":196,"column":10},"end":{"line":201,"column":null}},"89":{"start":{"line":197,"column":25},"end":{"line":197,"column":null}},"90":{"start":{"line":198,"column":12},"end":{"line":200,"column":null}},"91":{"start":{"line":198,"column":51},"end":{"line":198,"column":57}},"92":{"start":{"line":199,"column":14},"end":{"line":199,"column":null}},"93":{"start":{"line":202,"column":10},"end":{"line":202,"column":null}},"94":{"start":{"line":205,"column":10},"end":{"line":209,"column":null}},"95":{"start":{"line":206,"column":12},"end":{"line":208,"column":null}},"96":{"start":{"line":207,"column":14},"end":{"line":207,"column":null}},"97":{"start":{"line":210,"column":10},"end":{"line":210,"column":null}},"98":{"start":{"line":213,"column":10},"end":{"line":217,"column":null}},"99":{"start":{"line":214,"column":25},"end":{"line":214,"column":null}},"100":{"start":{"line":215,"column":25},"end":{"line":215,"column":null}},"101":{"start":{"line":216,"column":12},"end":{"line":216,"column":null}},"102":{"start":{"line":216,"column":29},"end":{"line":216,"column":null}},"103":{"start":{"line":218,"column":10},"end":{"line":218,"column":null}},"104":{"start":{"line":221,"column":10},"end":{"line":223,"column":null}},"105":{"start":{"line":222,"column":12},"end":{"line":222,"column":null}},"106":{"start":{"line":224,"column":10},"end":{"line":224,"column":null}},"107":{"start":{"line":227,"column":10},"end":{"line":235,"column":null}},"108":{"start":{"line":228,"column":29},"end":{"line":228,"column":null}},"109":{"start":{"line":229,"column":28},"end":{"line":229,"column":null}},"110":{"start":{"line":229,"column":60},"end":{"line":229,"column":77}},"111":{"start":{"line":230,"column":12},"end":{"line":234,"column":null}},"112":{"start":{"line":231,"column":14},"end":{"line":233,"column":null}},"113":{"start":{"line":232,"column":16},"end":{"line":232,"column":null}},"114":{"start":{"line":236,"column":10},"end":{"line":236,"column":null}},"115":{"start":{"line":240,"column":10},"end":{"line":240,"column":null}},"116":{"start":{"line":243,"column":6},"end":{"line":259,"column":null}},"117":{"start":{"line":245,"column":25},"end":{"line":245,"column":null}},"118":{"start":{"line":246,"column":26},"end":{"line":246,"column":null}},"119":{"start":{"line":247,"column":8},"end":{"line":247,"column":null}},"120":{"start":{"line":247,"column":67},"end":{"line":247,"column":null}},"121":{"start":{"line":248,"column":8},"end":{"line":248,"column":null}},"122":{"start":{"line":250,"column":8},"end":{"line":250,"column":null}},"123":{"start":{"line":251,"column":8},"end":{"line":251,"column":null}},"124":{"start":{"line":252,"column":8},"end":{"line":258,"column":null}},"125":{"start":{"line":253,"column":10},"end":{"line":257,"column":null}},"126":{"start":{"line":254,"column":12},"end":{"line":254,"column":null}},"127":{"start":{"line":256,"column":12},"end":{"line":256,"column":null}},"128":{"start":{"line":264,"column":4},"end":{"line":264,"column":null}},"129":{"start":{"line":264,"column":23},"end":{"line":264,"column":51}},"130":{"start":{"line":267,"column":4},"end":{"line":272,"column":null}},"131":{"start":{"line":268,"column":18},"end":{"line":268,"column":null}},"132":{"start":{"line":269,"column":6},"end":{"line":271,"column":null}},"133":{"start":{"line":270,"column":8},"end":{"line":270,"column":null}},"134":{"start":{"line":270,"column":44},"end":{"line":270,"column":null}},"135":{"start":{"line":277,"column":1},"end":{"line":321,"column":null}},"136":{"start":{"line":278,"column":27},"end":{"line":316,"column":null}},"137":{"start":{"line":279,"column":18},"end":{"line":279,"column":null}},"138":{"start":{"line":281,"column":6},"end":{"line":315,"column":null}},"139":{"start":{"line":282,"column":8},"end":{"line":282,"column":null}},"140":{"start":{"line":282,"column":36},"end":{"line":282,"column":null}},"141":{"start":{"line":284,"column":24},"end":{"line":284,"column":null}},"142":{"start":{"line":285,"column":23},"end":{"line":285,"column":null}},"143":{"start":{"line":286,"column":25},"end":{"line":286,"column":null}},"144":{"start":{"line":289,"column":8},"end":{"line":300,"column":null}},"145":{"start":{"line":290,"column":28},"end":{"line":290,"column":null}},"146":{"start":{"line":291,"column":10},"end":{"line":299,"column":null}},"147":{"start":{"line":292,"column":12},"end":{"line":292,"column":null}},"148":{"start":{"line":293,"column":12},"end":{"line":298,"column":null}},"149":{"start":{"line":303,"column":22},"end":{"line":303,"column":null}},"150":{"start":{"line":304,"column":8},"end":{"line":314,"column":null}},"151":{"start":{"line":305,"column":10},"end":{"line":305,"column":null}},"152":{"start":{"line":305,"column":60},"end":{"line":305,"column":null}},"153":{"start":{"line":306,"column":23},"end":{"line":306,"column":null}},"154":{"start":{"line":307,"column":10},"end":{"line":313,"column":null}},"155":{"start":{"line":308,"column":24},"end":{"line":308,"column":null}},"156":{"start":{"line":309,"column":12},"end":{"line":312,"column":null}},"157":{"start":{"line":310,"column":14},"end":{"line":310,"column":null}},"158":{"start":{"line":311,"column":14},"end":{"line":311,"column":null}},"159":{"start":{"line":318,"column":4},"end":{"line":318,"column":null}},"160":{"start":{"line":319,"column":21},"end":{"line":319,"column":null}},"161":{"start":{"line":320,"column":4},"end":{"line":320,"column":null}},"162":{"start":{"line":320,"column":17},"end":{"line":320,"column":null}},"163":{"start":{"line":324,"column":26},"end":{"line":327,"column":null}},"164":{"start":{"line":325,"column":10},"end":{"line":325,"column":65}},"165":{"start":{"line":325,"column":28},"end":{"line":325,"column":57}},"166":{"start":{"line":329,"column":1},"end":{"line":331,"column":null}},"167":{"start":{"line":330,"column":4},"end":{"line":330,"column":null}},"168":{"start":{"line":333,"column":2},"end":{"line":333,"column":null}}},"fnMap":{"0":{"name":"useRuleEngine","decl":{"start":{"line":37,"column":16},"end":{"line":37,"column":29}},"loc":{"start":{"line":37,"column":89},"end":{"line":334,"column":null}},"line":37},"1":{"name":"(anonymous_1)","decl":{"start":{"line":45,"column":36},"end":{"line":45,"column":37}},"loc":{"start":{"line":45,"column":54},"end":{"line":120,"column":3}},"line":45},"2":{"name":"(anonymous_2)","decl":{"start":{"line":124,"column":41},"end":{"line":124,"column":42}},"loc":{"start":{"line":124,"column":57},"end":{"line":129,"column":3}},"line":124},"3":{"name":"(anonymous_3)","decl":{"start":{"line":133,"column":40},"end":{"line":133,"column":41}},"loc":{"start":{"line":133,"column":62},"end":{"line":149,"column":3}},"line":133},"4":{"name":"(anonymous_4)","decl":{"start":{"line":135,"column":28},"end":{"line":135,"column":32}},"loc":{"start":{"line":135,"column":36},"end":{"line":148,"column":5}},"line":135},"5":{"name":"(anonymous_5)","decl":{"start":{"line":153,"column":38},"end":{"line":153,"column":39}},"loc":{"start":{"line":153,"column":47},"end":{"line":156,"column":3}},"line":153},"6":{"name":"(anonymous_6)","decl":{"start":{"line":154,"column":31},"end":{"line":154,"column":32}},"loc":{"start":{"line":154,"column":36},"end":{"line":154,"column":48}},"line":154},"7":{"name":"(anonymous_7)","decl":{"start":{"line":155,"co
[...]
,"end":{"line":32,"column":44}}],"line":32},"19":{"loc":{"start":{"line":39,"column":6},"end":{"line":39,"column":null}},"type":"if","locations":[{"start":{"line":39,"column":6},"end":{"line":39,"column":null}},{"start":{},"end":{}}],"line":39},"20":{"loc":{"start":{"line":41,"column":6},"end":{"line":41,"column":null}},"type":"if","locations":[{"start":{"line":41,"column":6},"end":{"line":41,"column":null}},{"start":{},"end":{}}],"line":41},"21":{"loc":{"start":{"line":41,"column":10},"end":{"line":41,"column":59}},"type":"binary-expr","locations":[{"start":{"line":41,"column":10},"end":{"line":41,"column":35}},{"start":{"line":41,"column":39},"end":{"line":41,"column":59}}],"line":41},"22":{"loc":{"start":{"line":42,"column":6},"end":{"line":42,"column":null}},"type":"if","locations":[{"start":{"line":42,"column":6},"end":{"line":42,"column":null}},{"start":{},"end":{}}],"line":42},"23":{"loc":{"start":{"line":42,"column":10},"end":{"line":42,"column":60}},"type":"binary-expr","locations":[{"start":{"line":42,"column":10},"end":{"line":42,"column":33}},{"start":{"line":42,"column":39},"end":{"line":42,"column":60}}],"line":42},"24":{"loc":{"start":{"line":43,"column":6},"end":{"line":43,"column":null}},"type":"if","locations":[{"start":{"line":43,"column":6},"end":{"line":43,"column":null}},{"start":{},"end":{}}],"line":43},"25":{"loc":{"start":{"line":43,"column":10},"end":{"line":43,"column":82}},"type":"binary-expr","locations":[{"start":{"line":43,"column":10},"end":{"line":43,"column":32}},{"start":{"line":43,"column":40},"end":{"line":43,"column":59}},{"start":{"line":43,"column":63},"end":{"line":43,"column":81}}],"line":43},"26":{"loc":{"start":{"line":52,"column":2},"end":{"line":52,"column":null}},"type":"if","locations":[{"start":{"line":52,"column":2},"end":{"line":52,"column":null}},{"start":{},"end":{}}],"line":52}},"s":{"0":13,"1":39,"2":9,"3":9,"4":3,"5":9,"6":6,"7":33,"8":2,"9":31,"10":2,"11":29,"12":3,"13":2,"14":2,"15":27,"16":1,"17":26,"18":2,"19":24,"20":0,"21":0,"22":0,"23":0,"24":0,"25":0,"26":0,"27":0,"28":0,"29":0,"30":0,"31":0,"32":0,"33":24,"34":17,"35":2,"36":15},"f":{"0":13,"1":39,"2":3,"3":2,"4":17},"b":{"0":[13],"1":[9,30],"2":[9,7,6],"3":[6,0],"4":[6,3],"5":[2,31],"6":[33,6,3],"7":[2,29],"8":[31,9,6],"9":[3,26],"10":[29,6],"11":[2,1],"12":[3,0],"13":[1,26],"14":[27,5],"15":[2,24],"16":[26,3],"17":[0,24],"18":[24,0],"19":[0,0],"20":[0,0],"21":[0,0],"22":[0,0],"23":[0,0],"24":[0,0],"25":[0,0,0],"26":[2,15]},"meta":{"lastBranch":27,"lastFunction":5,"lastStatement":37,"seen":{"f:5:16:5:28":0,"b:5:46:5:48":0,"s:6:2:47:Infinity":0,"f:6:22:6:26":1,"b:8:4:14:Infinity:undefined:undefined:undefined:undefined":1,"s:8:4:14:Infinity":1,"s:9:16:9:Infinity":2,"s:10:20:12:Infinity":3,"b:10:20:10:56:11:20:11:63:12:20:12:Infinity":2,"b:12:21:12:30:12:34:12:36":3,"f:12:43:12:45":2,"s:12:49:12:82":4,"b:13:6:13:Infinity:undefined:undefined:undefined:undefined":4,"s:13:6:13:Infinity":5,"s:13:18:13:Infinity":6,"b:17:4:17:Infinity:undefined:undefined:undefined:undefined":5,"s:17:4:17:Infinity":7,"b:17:8:17:19:17:23:17:44:17:48:17:72":6,"s:17:74:17:Infinity":8,"b:20:4:20:Infinity:undefined:undefined:undefined:undefined":7,"s:20:4:20:Infinity":9,"b:20:8:20:19:20:23:20:44:20:48:20:72":8,"s:20:74:20:Infinity":10,"b:23:4:25:Infinity:undefined:undefined:undefined:undefined":9,"s:23:4:25:Infinity":11,"b:23:8:23:19:23:23:23:44":10,"b:24:6:24:Infinity:undefined:undefined:undefined:undefined":11,"s:24:6:24:Infinity":12,"b:24:12:24:21:24:25:24:27":12,"f:24:34:24:36":3,"s:24:40:24:63":13,"s:24:66:24:Infinity":14,"b:28:4:28:Infinity:undefined:undefined:undefined:undefined":13,"s:28:4:28:Infinity":15,"b:28:8:28:31:28:35:28:44":14,"s:28:46:28:Infinity":16,"b:29:4:29:Infinity:undefined:undefined:undefined:undefined":15,"s:29:4:29:Infinity":17,"b:29:8:29:31:29:35:29:45":16,"s:29:47:29:Infinity":18,"b:32:4:44:Infinity:undefined:undefined:undefined:undefined":17,"s:32:4:44:Infinity":19,"b:32:8:32:19:32:23:32:44":18,"s:33:18:33:Infinity":20,"s:34:23:34:Infinity":21,"s:35:22:35:Infinity":22,"s:36:6:36:Infinity":23,"s:37:22:37:Infinity":24,"b:39:6:39:Infinity:undefined:undefined:undefined:undefined":19,"s:39:6:39:Infinity":25,"s:39:21:39:Infinity":26,"b:41:6:41:Infinity:undefined:undefined:undefined:undefined":20,"s:41:6:41:Infinity":27,"b:41:10:41:35:41:39:41:59":21,"s:41:61:41:Infinity":28,"b:42:6:42:Infinity:undefined:undefined:undefined:undefined":22,"s:42:6:42:Infinity":29,"b:42:10:42:33:42:39:42:60":23,"s:42:62:42:Infinity":30,"b:43:6:43:Infinity:undefined:undefined:undefined:undefined":24,"s:43:6:43:Infinity":31,"b:43:10:43:32:43:40:43:59:43:63:43:81":25,"s:43:84:43:Infinity":32,"s:46:4:46:Infinity":33,"f:51:16:51:25":4,"b:52:2:52:Infinity:undefined:undefined:undefined:undefined":26,"s:52:2:52:Infinity":34,"s:52:12:52:Infinity":35,"s:53:2:53:Infinity":36}}}
,"/sessions/kind-zen-gates/mnt/taskflow/src/utils/format.js": {"path":"/sessions/kind-zen-gates/mnt/taskflow/src/utils/format.js","statementMap":{"0":{"start":{"line":10,"column":2},"end":{"line":10,"column":null}},"1":{"start":{"line":10,"column":16},"end":{"line":10,"column":null}},"2":{"start":{"line":11,"column":2},"end":{"line":14,"column":null}},"3":{"start":{"line":18,"column":24},"end":{"line":18,"column":null}},"4":{"start":{"line":18,"column":30},"end":{"line":18,"column":null}},"5":{"start":{"line":21,"column":29},"end":{"line":25,"column":null}},"6":{"start":{"line":22,"column":12},"end":{"line":22,"column":null}},"7":{"start":{"line":23,"column":2},"end":{"line":23,"column":null}},"8":{"start":{"line":24,"column":2},"end":{"line":24,"column":null}}},"fnMap":{"0":{"name":"fmtDate","decl":{"start":{"line":9,"column":16},"end":{"line":9,"column":23}},"loc":{"start":{"line":9,"column":46},"end":{"line":15,"column":null}},"line":9},"1":{"name":"(anonymous_1)","decl":{"start":{"line":18,"column":24},"end":{"line":18,"column":25}},"loc":{"start":{"line":18,"column":30},"end":{"line":18,"column":null}},"line":18},"2":{"name":"(anonymous_2)","decl":{"start":{"line":21,"column":29},"end":{"line":21,"column":30}},"loc":{"start":{"line":21,"column":39},"end":{"line":25,"column":null}},"line":21}},"branchMap":{"0":{"loc":{"start":{"line":9,"column":33},"end":{"line":9,"column":44}},"type":"default-arg","locations":[{"start":{"line":9,"column":40},"end":{"line":9,"column":44}}],"line":9},"1":{"loc":{"start":{"line":10,"column":2},"end":{"line":10,"column":null}},"type":"if","locations":[{"start":{"line":10,"column":2},"end":{"line":10,"column":null}},{"start":{},"end":{}}],"line":10},"2":{"loc":{"start":{"line":12,"column":4},"end":{"line":12,"column":37}},"type":"cond-expr","locations":[{"start":{"line":12,"column":20},"end":{"line":12,"column":27}},{"start":{"line":12,"column":30},"end":{"line":12,"column":37}}],"line":12}},"s":{"0":5,"1":3,"2":2,"3":1,"4":1,"5":1,"6":2,"7":2,"8":2},"f":{"0":5,"1":1,"2":2},"b":{"0":[5],"1":[3,2],"2":[1,1]},"meta":{"lastBranch":3,"lastFunction":3,"lastStatement":9,"seen":{"f:9:16:9:23":0,"b:9:40:9:44":0,"b:10:2:10:Infinity:undefined:undefined:undefined:undefined":1,"s:10:2:10:Infinity":0,"s:10:16:10:Infinity":1,"s:11:2:14:Infinity":2,"b:12:20:12:27:12:30:12:37":2,"s:18:24:18:Infinity":3,"f:18:24:18:25":1,"s:18:30:18:Infinity":4,"s:21:29:25:Infinity":5,"f:21:29:21:30":2,"s:22:12:22:Infinity":6,"s:23:2:23:Infinity":7,"s:24:2:24:Infinity":8}}}
,"/sessions/kind-zen-gates/mnt/taskflow/src/utils/initials.js": {"path":"/sessions/kind-zen-gates/mnt/taskflow/src/utils/initials.js","statementMap":{"0":{"start":{"line":2,"column":2},"end":{"line":2,"column":null}},"1":{"start":{"line":2,"column":13},"end":{"line":2,"column":null}},"2":{"start":{"line":3,"column":16},"end":{"line":3,"column":null}},"3":{"start":{"line":4,"column":2},"end":{"line":6,"column":null}},"4":{"start":{"line":5,"column":4},"end":{"line":5,"column":null}},"5":{"start":{"line":7,"column":2},"end":{"line":7,"column":null}}},"fnMap":{"0":{"name":"getInitials","decl":{"start":{"line":1,"column":16},"end":{"line":1,"column":27}},"loc":{"start":{"line":1,"column":34},"end":{"line":8,"column":null}},"line":1}},"branchMap":{"0":{"loc":{"start":{"line":2,"column":2},"end":{"line":2,"column":null}},"type":"if","locations":[{"start":{"line":2,"column":2},"end":{"line":2,"column":null}},{"start":{},"end":{}}],"line":2},"1":{"loc":{"start":{"line":4,"column":2},"end":{"line":6,"column":null}},"type":"if","locations":[{"start":{"line":4,"column":2},"end":{"line":6,"column":null}},{"start":{},"end":{}}],"line":4}},"s":{"0":10,"1":3,"2":7,"3":7,"4":6,"5":1},"f":{"0":10},"b":{"0":[3,7],"1":[6,1]},"meta":{"lastBranch":2,"lastFunction":1,"lastStatement":6,"seen":{"f:1:16:1:27":0,"b:2:2:2:Infinity:undefined:undefined:undefined:undefined":0,"s:2:2:2:Infinity":0,"s:2:13:2:Infinity":1,"s:3:16:3:Infinity":2,"b:4:2:6:Infinity:undefined:undefined:undefined:undefined":1,"s:4:2:6:Infinity":3,"s:5:4:5:Infinity":4,"s:7:2:7:Infinity":5}}}
,"/sessions/kind-zen-gates/mnt/taskflow/src/utils/routing.js": {"path":"/sessions/kind-zen-gates/mnt/taskflow/src/utils/routing.js","statementMap":{"0":{"start":{"line":7,"column":12},"end":{"line":7,"column":null}},"1":{"start":{"line":8,"column":2},"end":{"line":8,"column":null}},"2":{"start":{"line":20,"column":2},"end":{"line":20,"column":null}},"3":{"start":{"line":20,"column":22},"end":{"line":20,"column":null}},"4":{"start":{"line":21,"column":2},"end":{"line":26,"column":null}},"5":{"start":{"line":22,"column":12},"end":{"line":22,"column":null}},"6":{"start":{"line":23,"column":4},"end":{"line":23,"column":null}},"7":{"start":{"line":23,"column":14},"end":{"line":23,"column":null}},"8":{"start":{"line":24,"column":4},"end":{"line":24,"column":null}},"9":{"start":{"line":24,"column":16},"end":{"line":24,"column":null}},"10":{"start":{"line":25,"column":4},"end":{"line":25,"column":null}},"11":{"start":{"line":27,"column":2},"end":{"line":27,"column":null}},"12":{"start":{"line":35,"column":2},"end":{"line":35,"column":null}}},"fnMap":{"0":{"name":"parseRoute","decl":{"start":{"line":6,"column":16},"end":{"line":6,"column":26}},"loc":{"start":{"line":6,"column":37},"end":{"line":9,"column":null}},"line":6},"1":{"name":"buildPath","decl":{"start":{"line":19,"column":16},"end":{"line":19,"column":25}},"loc":{"start":{"line":19,"column":50},"end":{"line":28,"column":null}},"line":19},"2":{"name":"deferAuthWork","decl":{"start":{"line":34,"column":16},"end":{"line":34,"column":29}},"loc":{"start":{"line":34,"column":34},"end":{"line":36,"column":null}},"line":34}},"branchMap":{"0":{"loc":{"start":{"line":8,"column":16},"end":{"line":8,"column":30}},"type":"binary-expr","locations":[{"start":{"line":8,"column":16},"end":{"line":8,"column":20}},{"start":{"line":8,"column":24},"end":{"line":8,"column":30}}],"line":8},"1":{"loc":{"start":{"line":8,"column":37},"end":{"line":8,"column":49}},"type":"binary-expr","locations":[{"start":{"line":8,"column":37},"end":{"line":8,"column":41}},{"start":{"line":8,"column":45},"end":{"line":8,"column":49}}],"line":8},"2":{"loc":{"start":{"line":8,"column":57},"end":{"line":8,"column":69}},"type":"binary-expr","locations":[{"start":{"line":8,"column":57},"end":{"line":8,"column":61}},{"start":{"line":8,"column":65},"end":{"line":8,"column":69}}],"line":8},"3":{"loc":{"start":{"line":8,"column":79},"end":{"line":8,"column":91}},"type":"binary-expr","locations":[{"start":{"line":8,"column":79},"end":{"line":8,"column":83}},{"start":{"line":8,"column":87},"end":{"line":8,"column":91}}],"line":8},"4":{"loc":{"start":{"line":20,"column":2},"end":{"line":20,"column":null}},"type":"if","locations":[{"start":{"line":20,"column":2},"end":{"line":20,"column":null}},{"start":{},"end":{}}],"line":20},"5":{"loc":{"start":{"line":20,"column":29},"end":{"line":20,"column":null}},"type":"cond-expr","locations":[{"start":{"line":20,"column":38},"end":{"line":20,"column":59}},{"start":{"line":20,"column":62},"end":{"line":20,"column":null}}],"line":20},"6":{"loc":{"start":{"line":21,"column":2},"end":{"line":26,"column":null}},"type":"if","locations":[{"start":{"line":21,"column":2},"end":{"line":26,"column":null}},{"start":{},"end":{}}],"line":21},"7":{"loc":{"start":{"line":21,"column":6},"end":{"line":21,"column":57}},"type":"binary-expr","locations":[{"start":{"line":21,"column":7},"end":{"line":21,"column":25}},{"start":{"line":21,"column":29},"end":{"line":21,"column":49}},{"start":{"line":21,"column":54},"end":{"line":21,"column":57}}],"line":21},"8":{"loc":{"start":{"line":23,"column":4},"end":{"line":23,"column":null}},"type":"if","locations":[{"start":{"line":23,"column":4},"end":{"line":23,"column":null}},{"start":{},"end":{}}],"line":23},"9":{"loc":{"start":{"line":24,"column":4},"end":{"line":24,"column":null}},"type":"if","locations":[{"start":{"line":24,"column":4},"end":{"line":24,"column":null}},{"start":{},"end":{}}],"line":24},"10":{"loc":{"start":{"line":27,"column":9},"end":{"line":27,"column":null}},"type":"cond-expr","locations":[{"start":{"line":27,"column":18},"end":{"line":27,"column":41}},{"start":{"line":27,"column":44},"end":{"line":27,"column":null}}],"line":27}},"s":{"0":9,"1":9,"2":10,"3":2,"4":8,"5":6,"6":6,"7":6,"8":6,"9":2,"10":6,"11":2,"12":0},"f":{"0":9,"1":10,"2":0},"b":{"0":[9,2],"1":[9,4],"2":[9,4],"3":[9,7],"4":[2,8],"5":[1,1],"6":[6,2],"7":[8,4,6],"8":[6,0],"9":[2,4],"10":[1,1]},"meta":{"lastBranch":11,"lastFunction":3,"lastStatement":13,"seen":{"f:6:16:6:26":0,"s:7:12:7:Infinity":0,"s:8:2:8:Infinity":1,"b:8:16:8:20:8:24:8:30":0,"b:8:37:8:41:8:45:8:49":1,"b:8:57:8:61:8:65:8:69":2,"b:8:79:8:83:8:87:8:91":3,"f:19:16:19:25":1,"b:20:2:20:Infinity:undefined:undefined:undefined:undefined":4,"s:20:2:20:Infinity":2,"s:20:22:20:Infinity":3,"b:20:38:20:59:20:62:20:Infinity":5,"b:21:2:26:Infinity:undefined:undefined:undefined:undefined":6,"s:21:2:26:Infinity":4,"b:21:7:21:25:21:29:21:49:21:54:21:57":7,"s:22:12:22:Infinity":5,"b:23:4:23:Infinity:undefined:undefined:undefined:undefined":8,"s:23:4:23:Infinity":6,"s:23:14:23:Infinity":7,"b:24:4:24:Infinity:undefined:undefined:undefined:undefined":9,"s:24:4:24:Infinity":8,"s:24:16:24:Infinity":9,"s:25:4:25:Infinity":10,"s:27:2:27:Infinity":11,"b:27:18:27:41:27:44:27:Infinity":10,"f:34:16:34:29":2,"s:35:2:35:Infinity":12}}}
,"/sessions/kind-zen-gates/mnt/taskflow/src/utils/storage.js": {"path":"/sessions/kind-zen-gates/mnt/taskflow/src/utils/storage.js","statementMap":{"0":{"start":{"line":9,"column":15},"end":{"line":9,"column":null}},"1":{"start":{"line":11,"column":23},"end":{"line":40,"column":null}},"2":{"start":{"line":13,"column":4},"end":{"line":18,"column":null}},"3":{"start":{"line":14,"column":18},"end":{"line":14,"column":null}},"4":{"start":{"line":15,"column":6},"end":{"line":15,"column":null}},"5":{"start":{"line":17,"column":6},"end":{"line":17,"column":null}},"6":{"start":{"line":22,"column":4},"end":{"line":26,"column":null}},"7":{"start":{"line":23,"column":6},"end":{"line":23,"column":null}},"8":{"start":{"line":25,"column":6},"end":{"line":25,"column":null}},"9":{"start":{"line":30,"column":4},"end":{"line":32,"column":null}},"10":{"start":{"line":31,"column":6},"end":{"line":31,"column":null}},"11":{"start":{"line":36,"column":4},"end":{"line":38,"column":null}},"12":{"start":{"line":37,"column":19},"end":{"line":37,"column":39}},"13":{"start":{"line":38,"column":20},"end":{"line":38,"column":46}},"14":{"start":{"line":47,"column":30},"end":{"line":50,"column":null}},"15":{"start":{"line":48,"column":13},"end":{"line":48,"column":49}},"16":{"start":{"line":49,"column":14},"end":{"line":49,"column":49}},"17":{"start":{"line":53,"column":27},"end":{"line":56,"column":null}},"18":{"start":{"line":54,"column":21},"end":{"line":54,"column":58}},"19":{"start":{"line":55,"column":23},"end":{"line":55,"column":59}},"20":{"start":{"line":59,"column":32},"end":{"line":63,"column":null}},"21":{"start":{"line":60,"column":13},"end":{"line":60,"column":44}},"22":{"start":{"line":61,"column":18},"end":{"line":61,"column":50}},"23":{"start":{"line":62,"column":15},"end":{"line":62,"column":43}}},"fnMap":{"0":{"name":"(anonymous_0)","decl":{"start":{"line":12,"column":7},"end":{"line":12,"column":8}},"loc":{"start":{"line":12,"column":33},"end":{"line":19,"column":3}},"line":12},"1":{"name":"(anonymous_1)","decl":{"start":{"line":21,"column":7},"end":{"line":21,"column":8}},"loc":{"start":{"line":21,"column":23},"end":{"line":27,"column":3}},"line":21},"2":{"name":"(anonymous_2)","decl":{"start":{"line":29,"column":10},"end":{"line":29,"column":11}},"loc":{"start":{"line":29,"column":19},"end":{"line":33,"column":3}},"line":29},"3":{"name":"(anonymous_3)","decl":{"start":{"line":35,"column":9},"end":{"line":35,"column":10}},"loc":{"start":{"line":35,"column":15},"end":{"line":39,"column":3}},"line":35},"4":{"name":"(anonymous_4)","decl":{"start":{"line":37,"column":14},"end":{"line":37,"column":15}},"loc":{"start":{"line":37,"column":19},"end":{"line":37,"column":39}},"line":37},"5":{"name":"(anonymous_5)","decl":{"start":{"line":38,"column":15},"end":{"line":38,"column":16}},"loc":{"start":{"line":38,"column":20},"end":{"line":38,"column":46}},"line":38},"6":{"name":"(anonymous_6)","decl":{"start":{"line":48,"column":7},"end":{"line":48,"column":8}},"loc":{"start":{"line":48,"column":13},"end":{"line":48,"column":49}},"line":48},"7":{"name":"(anonymous_7)","decl":{"start":{"line":49,"column":7},"end":{"line":49,"column":8}},"loc":{"start":{"line":49,"column":14},"end":{"line":49,"column":49}},"line":49},"8":{"name":"(anonymous_8)","decl":{"start":{"line":54,"column":10},"end":{"line":54,"column":11}},"loc":{"start":{"line":54,"column":21},"end":{"line":54,"column":58}},"line":54},"9":{"name":"(anonymous_9)","decl":{"start":{"line":55,"column":12},"end":{"line":55,"column":13}},"loc":{"start":{"line":55,"column":23},"end":{"line":55,"column":59}},"line":55},"10":{"name":"(anonymous_10)","decl":{"start":{"line":60,"column":7},"end":{"line":60,"column":8}},"loc":{"start":{"line":60,"column":13},"end":{"line":60,"column":44}},"line":60},"11":{"name":"(anonymous_11)","decl":{"start":{"line":61,"column":7},"end":{"line":61,"column":8}},"loc":{"start":{"line":61,"column":18},"end":{"line":61,"column":50}},"line":61},"12":{"name":"(anonymous_12)","decl":{"start":{"line":62,"column":9},"end":{"line":62,"column":10}},"loc":{"start":{"line":62,"column":15},"end":{"line":62,"column":43}},"line":62}},"branchMap":{"0":{"loc":{"start":{"line":12,"column":13},"end":{"line":12,"column":28}},"type":"default-arg","locations":[{"start":{"line":12,"column":24},"end":{"line":12,"column":28}}],"line":12},"1":{"loc":{"start":{"line":15,"column":13},"end":{"line":15,"column":null}},"type":"cond-expr","locations":[{"start":{"line":15,"column":19},"end":{"line":15,"column":34}},{"start":{"line":15,"column":37},"end":{"line":15,"column":null}}],"line":15}},"s":{"0":2,"1":2,"2":15,"3":15,"4":15,"5":1,"6":12,"7":12,"8":0,"9":1,"10":1,"11":1,"12":3,"13":2,"14":2,"15":0,"16":0,"17":2,"18":0,"19":0,"20":2,"21":0,"22":0,"23":0},"f":{"0":15,"1":12,"2":1,"3":1,"4":3,"5":2,"6":0,"7":0,"8":0,"9":0,"10":0,"11":0,"12":0},"b":{"0":[15],"1":[9,6]},"meta":{"lastBranch":2,"lastFunction":13,"lastStatement":24,"seen":{"s:9:15:9:Infinity":0,"s:11:23:40:Infinity":1,"f:12:7:12:8":0,"b:12:24:12:28":0,"s:13:4:18:Infinity":2,"s:14:18:14:Infinity":3,"s:15:6:15:Infinity":4,"b:15:19:15:34:15:37:15:Infinity":1,"s:17:6:17:Infinity":5,"f:21:7:21:8":1,"s:22:4:26:Infinity":6,"s:23:6:23:Infinity":7,"s:25:6:25:Infinity":8,"f:29:10:29:11":2,"s:30:4:32:Infinity":9,"s:31:6:31:Infinity":10,"f:35:9:35:10":3,"s:36:4:38:Infinity":11,"f:37:14:37:15":4,"s:37:19:37:39":12,"f:38:15:38:16":5,"s:38:20:38:46":13,"s:47:30:50:Infinity":14,"f:48:7:48:8":6,"s:48:13:48:49":15,"f:49:7:49:8":7,"s:49:14:49:49":16,"s:53:27:56:Infinity":17,"f:54:10:54:11":8,"s:54:21:54:58":18,"f:55:12:55:13":9,"s:55:23:55:59":19,"s:59:32:63:Infinity":20,"f:60:7:60:8":10,"s:60:13:60:44":21,"f:61:7:61:8":11,"s:61:18:61:50":22,"f:62:9:62:10":12,"s:62:15:62:43":23}}}
}
